SF:/Users/dbmrq/Documents/Programação/Misc/paperboat/src/acp.rs
FN:198,_RNCNCNCNvMs_NtCs2XshHk0aCOj_9paperboat3acpNtBa_9AcpClient18spawn_with_timeout0s_00Bc_
FN:171,_RNCNCNvMs_NtCs2XshHk0aCOj_9paperboat3acpNtB8_9AcpClient18spawn_with_timeout00Ba_
FN:188,_RNCNCNvMs_NtCs2XshHk0aCOj_9paperboat3acpNtB8_9AcpClient18spawn_with_timeout0s_0Ba_
FN:322,_RNCNCNvMs_NtCs2XshHk0aCOj_9paperboat3acpNtB8_9AcpClient7request00Ba_
FN:256,_RNCNCNvMs_NtCs2XshHk0aCOj_9paperboat3acpNtB8_9AcpClient7request0s0_0Ba_
FN:260,_RNCNCNvMs_NtCs2XshHk0aCOj_9paperboat3acpNtB8_9AcpClient7request0s1_0Ba_
FN:138,_RNCNvMs_NtCs2XshHk0aCOj_9paperboat3acpNtB6_9AcpClient18spawn_with_timeout0B8_
FN:241,_RNCNvMs_NtCs2XshHk0aCOj_9paperboat3acpNtB6_9AcpClient7request0B8_
FN:42,_RNvMNtCs2XshHk0aCOj_9paperboat3acpNtB2_11SessionMode6as_str
FN:135,_RNvMs_NtCs2XshHk0aCOj_9paperboat3acpNtB4_9AcpClient18spawn_with_timeout
FN:241,_RNvMs_NtCs2XshHk0aCOj_9paperboat3acpNtB4_9AcpClient7request
FN:342,_RNvXsa_NtCs2XshHk0aCOj_9paperboat3acpNtB5_9AcpClientNtB5_14AcpClientTrait10initialize
FN:366,_RNvXsa_NtCs2XshHk0aCOj_9paperboat3acpNtB5_9AcpClientNtB5_14AcpClientTrait11session_new
FN:386,_RNvXsa_NtCs2XshHk0aCOj_9paperboat3acpNtB5_9AcpClientNtB5_14AcpClientTrait14session_prompt
FN:416,_RNvXsa_NtCs2XshHk0aCOj_9paperboat3acpNtB5_9AcpClientNtB5_14AcpClientTrait20take_notification_rx
FN:407,_RNvXsa_NtCs2XshHk0aCOj_9paperboat3acpNtB5_9AcpClientNtB5_14AcpClientTrait4recv
FN:424,_RNvXsa_NtCs2XshHk0aCOj_9paperboat3acpNtB5_9AcpClientNtB5_14AcpClientTrait8shutdown
FN:471,_RNvXs0_NtCs2XshHk0aCOj_9paperboat3acpNtB5_9AcpClientNtNtNtCskpTlHb4dJmc_4core3ops4drop4Drop4drop
FNDA:0,_RNCNCNCNvMs_NtCs2XshHk0aCOj_9paperboat3acpNtBa_9AcpClient18spawn_with_timeout0s_00Bc_
FNDA:0,_RNCNCNvMs_NtCs2XshHk0aCOj_9paperboat3acpNtB8_9AcpClient18spawn_with_timeout00Ba_
FNDA:0,_RNCNCNvMs_NtCs2XshHk0aCOj_9paperboat3acpNtB8_9AcpClient18spawn_with_timeout0s_0Ba_
FNDA:0,_RNCNCNvMs_NtCs2XshHk0aCOj_9paperboat3acpNtB8_9AcpClient7request00Ba_
FNDA:0,_RNCNCNvMs_NtCs2XshHk0aCOj_9paperboat3acpNtB8_9AcpClient7request0s0_0Ba_
FNDA:0,_RNCNCNvMs_NtCs2XshHk0aCOj_9paperboat3acpNtB8_9AcpClient7request0s1_0Ba_
FNDA:0,_RNCNvMs_NtCs2XshHk0aCOj_9paperboat3acpNtB6_9AcpClient18spawn_with_timeout0B8_
FNDA:0,_RNCNvMs_NtCs2XshHk0aCOj_9paperboat3acpNtB6_9AcpClient7request0B8_
FNDA:3,_RNvMNtCs2XshHk0aCOj_9paperboat3acpNtB2_11SessionMode6as_str
FNDA:0,_RNvMs_NtCs2XshHk0aCOj_9paperboat3acpNtB4_9AcpClient18spawn_with_timeout
FNDA:0,_RNvMs_NtCs2XshHk0aCOj_9paperboat3acpNtB4_9AcpClient7request
FNDA:0,_RNvXsa_NtCs2XshHk0aCOj_9paperboat3acpNtB5_9AcpClientNtB5_14AcpClientTrait10initialize
FNDA:0,_RNvXsa_NtCs2XshHk0aCOj_9paperboat3acpNtB5_9AcpClientNtB5_14AcpClientTrait11session_new
FNDA:0,_RNvXsa_NtCs2XshHk0aCOj_9paperboat3acpNtB5_9AcpClientNtB5_14AcpClientTrait14session_prompt
FNDA:0,_RNvXsa_NtCs2XshHk0aCOj_9paperboat3acpNtB5_9AcpClientNtB5_14AcpClientTrait20take_notification_rx
FNDA:0,_RNvXsa_NtCs2XshHk0aCOj_9paperboat3acpNtB5_9AcpClientNtB5_14AcpClientTrait4recv
FNDA:0,_RNvXsa_NtCs2XshHk0aCOj_9paperboat3acpNtB5_9AcpClientNtB5_14AcpClientTrait8shutdown
FNDA:0,_RNvXs0_NtCs2XshHk0aCOj_9paperboat3acpNtB5_9AcpClientNtNtNtCskpTlHb4dJmc_4core3ops4drop4Drop4drop
FNF:18
FNH:1
DA:42,3
DA:43,3
DA:44,3
DA:45,0
DA:46,0
DA:48,3
DA:135,0
DA:136,0
DA:137,0
DA:138,0
DA:139,0
DA:140,0
DA:143,0
DA:147,0
DA:148,0
DA:149,0
DA:150,0
DA:152,0
DA:153,0
DA:154,0
DA:155,0
DA:156,0
DA:157,0
DA:158,0
DA:160,0
DA:161,0
DA:163,0
DA:164,0
DA:167,0
DA:168,0
DA:171,0
DA:172,0
DA:173,0
DA:174,0
DA:175,0
DA:176,0
DA:177,0
DA:178,0
DA:179,0
DA:180,0
DA:181,0
DA:184,0
DA:185,0
DA:188,0
DA:189,0
DA:190,0
DA:191,0
DA:192,0
DA:196,0
DA:197,0
DA:198,0
DA:199,0
DA:202,0
DA:203,0
DA:205,0
DA:206,0
DA:207,0
DA:212,0
DA:217,0
DA:218,0
DA:219,0
DA:221,0
DA:223,0
DA:227,0
DA:229,0
DA:230,0
DA:231,0
DA:232,0
DA:233,0
DA:234,0
DA:235,0
DA:236,0
DA:237,0
DA:238,0
DA:241,0
DA:242,0
DA:243,0
DA:244,0
DA:245,0
DA:246,0
DA:247,0
DA:250,0
DA:251,0
DA:252,0
DA:254,0
DA:255,0
DA:256,0
DA:257,0
DA:258,0
DA:259,0
DA:260,0
DA:261,0
DA:264,0
DA:269,0
DA:270,0
DA:271,0
DA:272,0
DA:273,0
DA:274,0
DA:275,0
DA:278,0
DA:282,0
DA:283,0
DA:287,0
DA:289,0
DA:290,0
DA:291,0
DA:292,0
DA:295,0
DA:296,0
DA:299,0
DA:301,0
DA:303,0
DA:304,0
DA:305,0
DA:310,0
DA:318,0
DA:319,0
DA:320,0
DA:321,0
DA:322,0
DA:323,0
DA:324,0
DA:325,0
DA:326,0
DA:328,0
DA:329,0
DA:330,0
DA:332,0
DA:333,0
DA:334,0
DA:335,0
DA:336,0
DA:342,0
DA:354,0
DA:366,0
DA:383,0
DA:386,0
DA:399,0
DA:407,0
DA:413,0
DA:416,0
DA:417,0
DA:418,0
DA:424,0
DA:467,0
DA:471,0
DA:473,0
DA:474,0
DA:475,0
DA:476,0
DA:477,0
DA:478,0
DA:481,0
DA:482,0
DA:483,0
DA:484,0
BRF:0
BRH:0
LF:165
LH:4
end_of_record
SF:/Users/dbmrq/Documents/Programação/Misc/paperboat/src/agents/config.rs
FN:57,_RNvMNtNtCs2XshHk0aCOj_9paperboat6agents6configNtB2_15AgentToolConfig20allowed_auggie_tools
FN:199,_RNvNtNtCs2XshHk0aCOj_9paperboat6agents6config10get_config
FN:188,_RNvNtNtCs2XshHk0aCOj_9paperboat6agents6config15get_tool_config
FN:212,_RNvNtNtCs2XshHk0aCOj_9paperboat6agents6config20format_removed_tools
FN:60,_RNCNvMNtNtCs2XshHk0aCOj_9paperboat6agents6configNtB4_15AgentToolConfig20allowed_auggie_tools0B8_
FN:273,_RNvNtNtNtCs2XshHk0aCOj_9paperboat6agents6config5testss_22test_planner_mcp_tools
FN:375,_RNvNtNtNtCs2XshHk0aCOj_9paperboat6agents6config5testss_23test_get_config_by_type
FN:349,_RNvNtNtNtCs2XshHk0aCOj_9paperboat6agents6config5testss_23test_verifier_mcp_tools
FN:387,_RNvNtNtNtCs2XshHk0aCOj_9paperboat6agents6config5testss_25test_format_removed_tools
FN:358,_RNvNtNtNtCs2XshHk0aCOj_9paperboat6agents6config5testss_26test_explorer_is_read_only
FN:328,_RNvNtNtNtCs2XshHk0aCOj_9paperboat6agents6config5testss_26test_implementer_mcp_tools
FN:298,_RNvNtNtNtCs2XshHk0aCOj_9paperboat6agents6config5testss_27test_orchestrator_mcp_tools
FN:225,_RNvNtNtNtCs2XshHk0aCOj_9paperboat6agents6config5testss_30test_planner_cannot_edit_files
FN:309,_RNvNtNtNtCs2XshHk0aCOj_9paperboat6agents6config5testss_31test_implementer_can_edit_files
FN:395,_RNvNtNtNtCs2XshHk0aCOj_9paperboat6agents6config5testss_35test_no_agent_has_builtin_subagents
FN:284,_RNvNtNtNtCs2XshHk0aCOj_9paperboat6agents6config5testss_35test_orchestrator_cannot_edit_files
FN:259,_RNvNtNtNtCs2XshHk0aCOj_9paperboat6agents6config5testss_37test_planner_cannot_execute_processes
FN:337,_RNvNtNtNtCs2XshHk0aCOj_9paperboat6agents6config5testss_37test_verifier_cannot_edit_but_can_run
FNDA:6,_RNvMNtNtCs2XshHk0aCOj_9paperboat6agents6configNtB2_15AgentToolConfig20allowed_auggie_tools
FNDA:6,_RNvNtNtCs2XshHk0aCOj_9paperboat6agents6config10get_config
FNDA:69,_RNvNtNtCs2XshHk0aCOj_9paperboat6agents6config15get_tool_config
FNDA:1,_RNvNtNtCs2XshHk0aCOj_9paperboat6agents6config20format_removed_tools
FNDA:114,_RNCNvMNtNtCs2XshHk0aCOj_9paperboat6agents6configNtB4_15AgentToolConfig20allowed_auggie_tools0B8_
FNDA:1,_RNvNtNtNtCs2XshHk0aCOj_9paperboat6agents6config5testss_22test_planner_mcp_tools
FNDA:1,_RNvNtNtNtCs2XshHk0aCOj_9paperboat6agents6config5testss_23test_get_config_by_type
FNDA:1,_RNvNtNtNtCs2XshHk0aCOj_9paperboat6agents6config5testss_23test_verifier_mcp_tools
FNDA:1,_RNvNtNtNtCs2XshHk0aCOj_9paperboat6agents6config5testss_25test_format_removed_tools
FNDA:1,_RNvNtNtNtCs2XshHk0aCOj_9paperboat6agents6config5testss_26test_explorer_is_read_only
FNDA:1,_RNvNtNtNtCs2XshHk0aCOj_9paperboat6agents6config5testss_26test_implementer_mcp_tools
FNDA:1,_RNvNtNtNtCs2XshHk0aCOj_9paperboat6agents6config5testss_27test_orchestrator_mcp_tools
FNDA:1,_RNvNtNtNtCs2XshHk0aCOj_9paperboat6agents6config5testss_30test_planner_cannot_edit_files
FNDA:1,_RNvNtNtNtCs2XshHk0aCOj_9paperboat6agents6config5testss_31test_implementer_can_edit_files
FNDA:1,_RNvNtNtNtCs2XshHk0aCOj_9paperboat6agents6config5testss_35test_no_agent_has_builtin_subagents
FNDA:1,_RNvNtNtNtCs2XshHk0aCOj_9paperboat6agents6config5testss_35test_orchestrator_cannot_edit_files
FNDA:1,_RNvNtNtNtCs2XshHk0aCOj_9paperboat6agents6config5testss_37test_planner_cannot_execute_processes
FNDA:1,_RNvNtNtNtCs2XshHk0aCOj_9paperboat6agents6config5testss_37test_verifier_cannot_edit_but_can_run
FNF:18
FNH:18
DA:57,6
DA:58,6
DA:59,6
DA:60,114
DA:61,6
DA:62,6
DA:63,6
DA:188,69
DA:189,69
DA:190,69
DA:191,68
DA:193,67
DA:195,69
DA:199,6
DA:200,6
DA:201,6
DA:202,5
DA:203,4
DA:204,3
DA:206,2
DA:208,6
DA:212,1
DA:213,1
DA:214,1
DA:225,1
DA:226,1
DA:229,1
DA:230,1
DA:233,1
DA:234,1
DA:237,1
DA:238,1
DA:241,1
DA:242,1
DA:247,1
DA:248,1
DA:249,1
DA:252,1
DA:253,1
DA:256,1
DA:259,1
DA:260,1
DA:262,1
DA:263,1
DA:266,1
DA:267,1
DA:270,1
DA:273,1
DA:274,1
DA:275,1
DA:278,1
DA:279,1
DA:280,1
DA:281,1
DA:284,1
DA:285,1
DA:287,1
DA:288,1
DA:291,1
DA:292,1
DA:295,1
DA:298,1
DA:299,1
DA:300,1
DA:301,1
DA:303,1
DA:305,1
DA:306,1
DA:309,1
DA:310,1
DA:313,1
DA:314,1
DA:317,1
DA:318,1
DA:321,1
DA:322,1
DA:325,1
DA:328,1
DA:330,1
DA:333,1
DA:334,1
DA:337,1
DA:338,1
DA:341,1
DA:342,1
DA:345,1
DA:346,1
DA:349,1
DA:351,1
DA:354,1
DA:355,1
DA:358,1
DA:359,1
DA:362,1
DA:363,1
DA:366,1
DA:369,1
DA:370,1
DA:371,1
DA:372,1
DA:375,1
DA:376,1
DA:377,1
DA:378,1
DA:379,1
DA:380,1
DA:383,1
DA:384,1
DA:387,1
DA:388,1
DA:389,1
DA:390,1
DA:391,1
DA:392,1
DA:395,1
DA:398,5
DA:399,1
DA:400,1
DA:401,1
DA:402,1
DA:403,1
DA:404,1
DA:405,5
DA:406,5
DA:409,5
DA:410,5
DA:414,1
BRF:0
BRH:0
LF:128
LH:128
end_of_record
SF:/Users/dbmrq/Documents/Programação/Misc/paperboat/src/agents/mod.rs
FN:60,_RNvMNtCs2XshHk0aCOj_9paperboat6agentsNtB2_9AgentRole6as_str
FN:41,_RNvMNtCs2XshHk0aCOj_9paperboat6agentsNtB2_9AgentRole8from_str
FN:87,_RNvNtNtCs2XshHk0aCOj_9paperboat6agents5testss_22test_agent_role_as_str
FN:76,_RNvNtNtCs2XshHk0aCOj_9paperboat6agents5testss_24test_agent_role_from_str
FN:105,_RNvNtNtCs2XshHk0aCOj_9paperboat6agents5testss_31test_get_prompt_returns_content
FN:93,_RNvNtNtCs2XshHk0aCOj_9paperboat6agents5testss_31test_spawnable_roles_discovered
FN:116,_RNvNtNtCs2XshHk0aCOj_9paperboat6agents5testss_35test_selfimprover_role_uses_dynamic
FNDA:72,_RNvMNtCs2XshHk0aCOj_9paperboat6agentsNtB2_9AgentRole6as_str
FNDA:71,_RNvMNtCs2XshHk0aCOj_9paperboat6agentsNtB2_9AgentRole8from_str
FNDA:1,_RNvNtNtCs2XshHk0aCOj_9paperboat6agents5testss_22test_agent_role_as_str
FNDA:1,_RNvNtNtCs2XshHk0aCOj_9paperboat6agents5testss_24test_agent_role_from_str
FNDA:1,_RNvNtNtCs2XshHk0aCOj_9paperboat6agents5testss_31test_get_prompt_returns_content
FNDA:1,_RNvNtNtCs2XshHk0aCOj_9paperboat6agents5testss_31test_spawnable_roles_discovered
FNDA:1,_RNvNtNtCs2XshHk0aCOj_9paperboat6agents5testss_35test_selfimprover_role_uses_dynamic
FNF:7
FNH:7
DA:41,71
DA:42,71
DA:43,71
DA:44,71
DA:45,4
DA:46,3
DA:47,2
DA:50,1
DA:51,1
DA:53,0
DA:57,71
DA:60,72
DA:61,72
DA:62,68
DA:63,2
DA:64,1
DA:65,1
DA:66,0
DA:68,72
DA:76,1
DA:77,1
DA:78,1
DA:81,1
DA:82,1
DA:83,1
DA:84,1
DA:87,1
DA:88,1
DA:89,1
DA:90,1
DA:93,1
DA:95,1
DA:96,1
DA:97,1
DA:98,1
DA:100,1
DA:101,1
DA:102,1
DA:105,1
DA:107,1
DA:108,1
DA:109,1
DA:110,1
DA:112,1
DA:113,1
DA:116,1
DA:118,1
DA:119,1
DA:120,1
BRF:0
BRH:0
LF:49
LH:47
end_of_record
SF:/Users/dbmrq/Documents/Programação/Misc/paperboat/src/agents/templates.rs
FN:53,_RNvMNtNtCs2XshHk0aCOj_9paperboat6agents9templatesNtB2_13AgentRegistry8has_role
FN:68,_RNvXs_NtNtCs2XshHk0aCOj_9paperboat6agents9templatesNtB4_13AgentRegistryNtNtCskpTlHb4dJmc_4core7default7Default7default
FN:102,_RNvNtNtNtCs2XshHk0aCOj_9paperboat6agents9templates5testss_26test_registry_has_explorer
FN:91,_RNvNtNtNtCs2XshHk0aCOj_9paperboat6agents9templates5testss_26test_registry_has_verifier
FN:78,_RNvNtNtNtCs2XshHk0aCOj_9paperboat6agents9templates5testss_29test_registry_has_implementer
FN:113,_RNvNtNtNtCs2XshHk0aCOj_9paperboat6agents9templates5testss_32test_registry_no_custom_template
FN:120,_RNvNtNtNtCs2XshHk0aCOj_9paperboat6agents9templates5testss_35test_registry_lists_available_roles
FN:62,_RNvMNtNtCs2XshHk0aCOj_9paperboat6agents9templatesNtB2_13AgentRegistry15available_roles
FN:31,_RNvMNtNtCs2XshHk0aCOj_9paperboat6agents9templatesNtB2_13AgentRegistry3get
FN:23,_RNvMNtNtCs2XshHk0aCOj_9paperboat6agents9templatesNtB2_13AgentRegistry3new
FNDA:0,_RNvMNtNtCs2XshHk0aCOj_9paperboat6agents9templatesNtB2_13AgentRegistry8has_role
FNDA:0,_RNvXs_NtNtCs2XshHk0aCOj_9paperboat6agents9templatesNtB4_13AgentRegistryNtNtCskpTlHb4dJmc_4core7default7Default7default
FNDA:1,_RNvNtNtNtCs2XshHk0aCOj_9paperboat6agents9templates5testss_26test_registry_has_explorer
FNDA:1,_RNvNtNtNtCs2XshHk0aCOj_9paperboat6agents9templates5testss_26test_registry_has_verifier
FNDA:1,_RNvNtNtNtCs2XshHk0aCOj_9paperboat6agents9templates5testss_29test_registry_has_implementer
FNDA:1,_RNvNtNtNtCs2XshHk0aCOj_9paperboat6agents9templates5testss_32test_registry_no_custom_template
FNDA:1,_RNvNtNtNtCs2XshHk0aCOj_9paperboat6agents9templates5testss_35test_registry_lists_available_roles
FNDA:1,_RNvMNtNtCs2XshHk0aCOj_9paperboat6agents9templatesNtB2_13AgentRegistry15available_roles
FNDA:70,_RNvMNtNtCs2XshHk0aCOj_9paperboat6agents9templatesNtB2_13AgentRegistry3get
FNDA:52,_RNvMNtNtCs2XshHk0aCOj_9paperboat6agents9templatesNtB2_13AgentRegistry3new
FNF:10
FNH:8
DA:23,52
DA:24,52
DA:25,52
DA:31,70
DA:32,70
DA:35,70
DA:36,1
DA:37,69
DA:40,69
DA:43,69
DA:45,69
DA:46,69
DA:47,69
DA:48,69
DA:49,70
DA:53,0
DA:54,0
DA:55,0
DA:56,0
DA:57,0
DA:58,0
DA:62,1
DA:63,1
DA:64,1
DA:68,0
DA:69,0
DA:70,0
DA:78,1
DA:79,1
DA:80,1
DA:82,1
DA:83,1
DA:84,1
DA:86,1
DA:87,1
DA:88,1
DA:91,1
DA:92,1
DA:93,1
DA:95,1
DA:96,1
DA:98,1
DA:99,1
DA:102,1
DA:103,1
DA:104,1
DA:106,1
DA:107,1
DA:109,1
DA:110,1
DA:113,1
DA:114,1
DA:116,1
DA:117,1
DA:120,1
DA:121,1
DA:122,1
DA:123,1
DA:124,1
DA:125,1
DA:126,1
BRF:0
BRH:0
LF:61
LH:52
end_of_record
SF:/Users/dbmrq/Documents/Programação/Misc/paperboat/src/app/agent_handler.rs
FN:311,_RNvNtNtNtCs2XshHk0aCOj_9paperboat3app13agent_handler5testss_74run_agent_handler_propagates_missing_complete_as_failure_and_cleans_socket
FN:272,_RNvNtNtCs2XshHk0aCOj_9paperboat3app13agent_handler25wait_for_agent_completion
FN:152,_RNCNCNCNvNtNtCs2XshHk0aCOj_9paperboat3app13agent_handler17run_agent_handler00s0_0Bb_
FN:153,_RNCNCNCNvNtNtCs2XshHk0aCOj_9paperboat3app13agent_handler17run_agent_handler00s1_0Bb_
FN:183,_RNCNCNCNvNtNtCs2XshHk0aCOj_9paperboat3app13agent_handler17run_agent_handler00s2_0Bb_
FN:184,_RNCNCNCNvNtNtCs2XshHk0aCOj_9paperboat3app13agent_handler17run_agent_handler00s3_0Bb_
FN:191,_RNCNCNCNvNtNtCs2XshHk0aCOj_9paperboat3app13agent_handler17run_agent_handler00s4_0Bb_
FN:111,_RNCNCNCNvNtNtCs2XshHk0aCOj_9paperboat3app13agent_handler17run_agent_handler00s_0Bb_
FN:284,_RNCNCNCNvNtNtCs2XshHk0aCOj_9paperboat3app13agent_handler25wait_for_agent_completion000Bb_
FN:285,_RNCNCNCNvNtNtCs2XshHk0aCOj_9paperboat3app13agent_handler25wait_for_agent_completion00s_0Bb_
FN:79,_RNCNCNvNtNtCs2XshHk0aCOj_9paperboat3app13agent_handler17run_agent_handler00B9_
FN:276,_RNCNCNvNtNtCs2XshHk0aCOj_9paperboat3app13agent_handler25wait_for_agent_completion00B9_
FN:78,_RNCNvNtNtCs2XshHk0aCOj_9paperboat3app13agent_handler17run_agent_handler0B7_
FN:48,_RNCNvNtNtCs2XshHk0aCOj_9paperboat3app13agent_handler22update_task_completion0B7_
FN:275,_RNCNvNtNtCs2XshHk0aCOj_9paperboat3app13agent_handler25wait_for_agent_completion0B7_
FN:311,_RNCNvNtNtNtCs2XshHk0aCOj_9paperboat3app13agent_handler5testss_74run_agent_handler_propagates_missing_complete_as_failure_and_cleans_socket0B9_
FN:20,_RNvNtNtCs2XshHk0aCOj_9paperboat3app13agent_handler16strip_mcp_prefix
FN:70,_RNvNtNtCs2XshHk0aCOj_9paperboat3app13agent_handler17run_agent_handler
FN:43,_RNvNtNtCs2XshHk0aCOj_9paperboat3app13agent_handler22update_task_completion
FNDA:1,_RNvNtNtNtCs2XshHk0aCOj_9paperboat3app13agent_handler5testss_74run_agent_handler_propagates_missing_complete_as_failure_and_cleans_socket
FNDA:0,_RNvNtNtCs2XshHk0aCOj_9paperboat3app13agent_handler25wait_for_agent_completion
FNDA:0,_RNCNCNCNvNtNtCs2XshHk0aCOj_9paperboat3app13agent_handler17run_agent_handler00s0_0Bb_
FNDA:2,_RNCNCNCNvNtNtCs2XshHk0aCOj_9paperboat3app13agent_handler17run_agent_handler00s1_0Bb_
FNDA:0,_RNCNCNCNvNtNtCs2XshHk0aCOj_9paperboat3app13agent_handler17run_agent_handler00s2_0Bb_
FNDA:0,_RNCNCNCNvNtNtCs2XshHk0aCOj_9paperboat3app13agent_handler17run_agent_handler00s3_0Bb_
FNDA:0,_RNCNCNCNvNtNtCs2XshHk0aCOj_9paperboat3app13agent_handler17run_agent_handler00s4_0Bb_
FNDA:0,_RNCNCNCNvNtNtCs2XshHk0aCOj_9paperboat3app13agent_handler17run_agent_handler00s_0Bb_
FNDA:0,_RNCNCNCNvNtNtCs2XshHk0aCOj_9paperboat3app13agent_handler25wait_for_agent_completion000Bb_
FNDA:0,_RNCNCNCNvNtNtCs2XshHk0aCOj_9paperboat3app13agent_handler25wait_for_agent_completion00s_0Bb_
FNDA:2,_RNCNCNvNtNtCs2XshHk0aCOj_9paperboat3app13agent_handler17run_agent_handler00B9_
FNDA:0,_RNCNCNvNtNtCs2XshHk0aCOj_9paperboat3app13agent_handler25wait_for_agent_completion00B9_
FNDA:2,_RNCNvNtNtCs2XshHk0aCOj_9paperboat3app13agent_handler17run_agent_handler0B7_
FNDA:1,_RNCNvNtNtCs2XshHk0aCOj_9paperboat3app13agent_handler22update_task_completion0B7_
FNDA:0,_RNCNvNtNtCs2XshHk0aCOj_9paperboat3app13agent_handler25wait_for_agent_completion0B7_
FNDA:1,_RNCNvNtNtNtCs2XshHk0aCOj_9paperboat3app13agent_handler5testss_74run_agent_handler_propagates_missing_complete_as_failure_and_cleans_socket0B9_
FNDA:0,_RNvNtNtCs2XshHk0aCOj_9paperboat3app13agent_handler16strip_mcp_prefix
FNDA:2,_RNvNtNtCs2XshHk0aCOj_9paperboat3app13agent_handler17run_agent_handler
FNDA:1,_RNvNtNtCs2XshHk0aCOj_9paperboat3app13agent_handler22update_task_completion
FNF:19
FNH:8
DA:20,0
DA:23,0
DA:24,0
DA:25,0
DA:27,0
DA:28,0
DA:29,0
DA:30,0
DA:31,0
DA:32,0
DA:43,1
DA:44,1
DA:45,1
DA:46,1
DA:47,1
DA:48,1
DA:49,1
DA:50,1
DA:51,1
DA:52,0
DA:53,0
DA:54,0
DA:55,0
DA:56,0
DA:58,1
DA:59,1
DA:60,1
DA:61,1
DA:63,1
DA:64,1
DA:70,2
DA:71,2
DA:72,2
DA:73,2
DA:74,2
DA:75,2
DA:76,2
DA:77,2
DA:78,2
DA:79,2
DA:81,2
DA:83,2
DA:84,0
DA:86,0
DA:87,0
DA:88,0
DA:89,0
DA:94,0
DA:95,0
DA:96,0
DA:99,0
DA:100,0
DA:101,0
DA:104,0
DA:105,0
DA:106,0
DA:109,0
DA:110,0
DA:111,0
DA:113,0
DA:116,0
DA:118,0
DA:119,0
DA:120,0
DA:121,0
DA:122,0
DA:123,0
DA:125,0
DA:128,0
DA:130,0
DA:132,0
DA:133,0
DA:134,0
DA:137,0
DA:140,0
DA:146,2
DA:147,2
DA:148,2
DA:150,2
DA:151,2
DA:152,2
DA:153,2
DA:155,2
DA:157,2
DA:158,2
DA:163,2
DA:168,2
DA:169,2
DA:170,2
DA:171,2
DA:172,2
DA:173,2
DA:174,2
DA:175,2
DA:176,2
DA:177,2
DA:179,0
DA:181,0
DA:182,0
DA:183,0
DA:184,0
DA:186,0
DA:187,0
DA:189,0
DA:191,0
DA:193,0
DA:194,0
DA:195,0
DA:198,0
DA:199,0
DA:201,0
DA:203,0
DA:204,0
DA:205,0
DA:206,0
DA:207,0
DA:208,0
DA:209,0
DA:210,0
DA:211,0
DA:212,0
DA:213,0
DA:215,0
DA:216,0
DA:217,0
DA:219,0
DA:220,0
DA:221,0
DA:226,0
DA:230,0
DA:231,0
DA:232,0
DA:233,0
DA:234,0
DA:235,0
DA:236,0
DA:240,2
DA:241,2
DA:243,2
DA:244,2
DA:246,0
DA:253,0
DA:254,0
DA:255,0
DA:256,0
DA:257,0
DA:258,0
DA:259,0
DA:260,0
DA:261,0
DA:262,0
DA:263,0
DA:265,2
DA:272,0
DA:273,0
DA:274,0
DA:275,0
DA:276,0
DA:277,0
DA:279,0
DA:280,0
DA:282,0
DA:283,0
DA:284,0
DA:285,0
DA:288,0
DA:289,0
DA:290,0
DA:291,0
DA:292,0
DA:293,0
DA:295,0
DA:296,0
DA:297,0
DA:299,0
DA:300,0
DA:311,1
DA:312,1
DA:313,1
DA:314,1
DA:315,1
DA:316,1
DA:317,1
DA:318,1
DA:319,1
DA:320,1
DA:321,1
DA:322,1
DA:324,1
DA:325,1
DA:326,1
DA:327,1
DA:329,1
DA:330,1
DA:331,1
DA:332,1
DA:333,1
DA:334,1
DA:335,1
DA:336,1
DA:337,1
DA:338,1
DA:339,1
DA:340,1
DA:342,1
DA:343,1
DA:344,1
DA:345,1
DA:346,1
DA:347,1
DA:348,1
DA:349,1
DA:350,1
DA:351,1
DA:353,1
DA:355,1
DA:356,1
DA:357,1
DA:358,1
DA:359,1
DA:360,1
DA:361,1
DA:362,1
DA:363,1
DA:364,1
DA:365,1
BRF:0
BRH:0
LF:242
LH:110
end_of_record
SF:/Users/dbmrq/Documents/Programação/Misc/paperboat/src/app/agent_session_handler.rs
FN:225,_RNCNvNtNtNtCs2XshHk0aCOj_9paperboat3app21agent_session_handler5testss_66spawn_agent_handler_task_marks_task_failed_and_unregisters_session0B9_
FN:191,_RNvNtNtCs2XshHk0aCOj_9paperboat3app21agent_session_handler21log_completion_status
FN:152,_RNvNtNtCs2XshHk0aCOj_9paperboat3app21agent_session_handler24process_agent_completion
FN:78,_RNvNtNtCs2XshHk0aCOj_9paperboat3app21agent_session_handler24spawn_agent_handler_task
FN:25,_RNvNtNtCs2XshHk0aCOj_9paperboat3app21agent_session_handler25spawn_notification_router
FN:225,_RNvNtNtNtCs2XshHk0aCOj_9paperboat3app21agent_session_handler5testss_66spawn_agent_handler_task_marks_task_failed_and_unregisters_session
FN:157,_RNCNvNtNtCs2XshHk0aCOj_9paperboat3app21agent_session_handler24process_agent_completion0B7_
FN:94,_RNCNvNtNtCs2XshHk0aCOj_9paperboat3app21agent_session_handler24spawn_agent_handler_task0B7_
FN:33,_RNCNvNtNtCs2XshHk0aCOj_9paperboat3app21agent_session_handler25spawn_notification_router0B7_
FNDA:1,_RNCNvNtNtNtCs2XshHk0aCOj_9paperboat3app21agent_session_handler5testss_66spawn_agent_handler_task_marks_task_failed_and_unregisters_session0B9_
FNDA:1,_RNvNtNtCs2XshHk0aCOj_9paperboat3app21agent_session_handler21log_completion_status
FNDA:1,_RNvNtNtCs2XshHk0aCOj_9paperboat3app21agent_session_handler24process_agent_completion
FNDA:1,_RNvNtNtCs2XshHk0aCOj_9paperboat3app21agent_session_handler24spawn_agent_handler_task
FNDA:0,_RNvNtNtCs2XshHk0aCOj_9paperboat3app21agent_session_handler25spawn_notification_router
FNDA:1,_RNvNtNtNtCs2XshHk0aCOj_9paperboat3app21agent_session_handler5testss_66spawn_agent_handler_task_marks_task_failed_and_unregisters_session
FNDA:1,_RNCNvNtNtCs2XshHk0aCOj_9paperboat3app21agent_session_handler24process_agent_completion0B7_
FNDA:1,_RNCNvNtNtCs2XshHk0aCOj_9paperboat3app21agent_session_handler24spawn_agent_handler_task0B7_
FNDA:0,_RNCNvNtNtCs2XshHk0aCOj_9paperboat3app21agent_session_handler25spawn_notification_router0B7_
FNF:9
FNH:7
DA:25,0
DA:26,0
DA:27,0
DA:28,0
DA:29,0
DA:30,0
DA:31,0
DA:32,0
DA:33,0
DA:34,0
DA:35,0
DA:36,0
DA:37,0
DA:38,0
DA:40,0
DA:41,0
DA:45,0
DA:47,0
DA:48,0
DA:49,0
DA:51,0
DA:55,0
DA:57,0
DA:78,1
DA:80,1
DA:81,1
DA:82,1
DA:83,1
DA:84,1
DA:85,1
DA:86,1
DA:87,1
DA:88,1
DA:89,1
DA:90,1
DA:91,1
DA:92,1
DA:94,1
DA:96,1
DA:98,1
DA:101,1
DA:102,1
DA:103,1
DA:104,1
DA:105,1
DA:106,1
DA:107,1
DA:108,1
DA:109,1
DA:110,1
DA:112,1
DA:113,1
DA:116,1
DA:120,1
DA:121,1
DA:124,1
DA:125,0
DA:126,1
DA:130,1
DA:131,1
DA:134,1
DA:136,1
DA:137,1
DA:138,1
DA:139,1
DA:140,1
DA:141,1
DA:142,1
DA:145,1
DA:146,1
DA:147,1
DA:152,1
DA:153,1
DA:154,1
DA:155,1
DA:156,1
DA:157,1
DA:159,1
DA:160,0
DA:161,0
DA:162,1
DA:165,1
DA:166,1
DA:167,0
DA:168,0
DA:169,0
DA:170,0
DA:171,0
DA:172,0
DA:174,1
DA:177,1
DA:178,1
DA:179,1
DA:180,1
DA:181,1
DA:182,1
DA:183,1
DA:184,1
DA:185,0
DA:187,1
DA:188,1
DA:191,1
DA:192,1
DA:193,1
DA:194,1
DA:195,1
DA:196,1
DA:197,1
DA:198,0
DA:202,0
DA:205,1
DA:209,0
DA:212,1
DA:225,1
DA:226,1
DA:227,1
DA:228,1
DA:229,1
DA:230,1
DA:231,1
DA:232,1
DA:233,1
DA:234,1
DA:235,1
DA:236,1
DA:238,1
DA:239,1
DA:241,1
DA:242,1
DA:243,1
DA:244,1
DA:245,1
DA:246,1
DA:247,1
DA:248,1
DA:249,1
DA:250,1
DA:251,1
DA:252,1
DA:253,1
DA:254,1
DA:257,1
DA:258,1
DA:259,1
DA:260,1
DA:263,1
DA:264,1
DA:265,1
DA:266,1
DA:268,1
DA:269,1
DA:270,1
DA:271,1
DA:272,1
DA:273,1
DA:274,1
DA:275,1
DA:276,1
DA:277,1
DA:278,1
DA:279,1
DA:280,1
DA:281,1
DA:282,1
DA:283,1
DA:286,1
DA:287,1
DA:288,1
DA:289,1
DA:290,1
DA:291,1
DA:292,1
DA:293,1
DA:294,1
DA:295,1
DA:296,1
DA:298,1
DA:300,1
DA:301,1
DA:302,1
DA:303,1
DA:304,1
DA:305,1
DA:306,1
DA:307,1
DA:310,1
DA:311,1
DA:312,1
DA:313,1
DA:314,1
DA:315,1
DA:316,1
DA:317,1
DA:318,1
DA:320,0
DA:323,1
DA:324,1
DA:325,1
DA:326,1
DA:327,1
DA:328,1
DA:329,1
DA:330,1
DA:331,1
DA:332,1
DA:333,1
DA:334,1
DA:335,1
DA:336,1
DA:338,1
DA:339,1
DA:340,1
DA:341,1
DA:342,1
BRF:0
BRH:0
LF:220
LH:182
end_of_record
SF:/Users/dbmrq/Documents/Programação/Misc/paperboat/src/app/agent_spawner.rs
FN:1000,_RNvMNtNtNtCs2XshHk0aCOj_9paperboat3app13agent_spawner5testsNtB2_16RecordingBackend19with_fallback_chain
FN:992,_RNvMNtNtNtCs2XshHk0aCOj_9paperboat3app13agent_spawner5testsNtB2_16RecordingBackend3new
FN:1005,_RNvMNtNtNtCs2XshHk0aCOj_9paperboat3app13agent_spawner5testsNtB2_16RecordingBackend6events
FN:1099,_RNvMs_NtNtNtCs2XshHk0aCOj_9paperboat3app13agent_spawner5testsNtB4_8EnvGuard3set
FN:1115,_RNvNtNtNtCs2XshHk0aCOj_9paperboat3app13agent_spawner5tests17test_model_config
FN:1236,_RNvNtNtNtCs2XshHk0aCOj_9paperboat3app13agent_spawner5testss_58spawn_agent_async_marks_task_failed_and_logs_startup_error
FN:932,_RNvXs8_NtNtNtCs2XshHk0aCOj_9paperboat3app13agent_spawner5testsNtB5_18RecordingTransportNtNtNtBb_7backend9transport14AgentTransport10initialize
FN:962,_RNvXs8_NtNtNtCs2XshHk0aCOj_9paperboat3app13agent_spawner5testsNtB5_18RecordingTransportNtNtNtBb_7backend9transport14AgentTransport11send_prompt
FN:947,_RNvXs8_NtNtNtCs2XshHk0aCOj_9paperboat3app13agent_spawner5testsNtB5_18RecordingTransportNtNtNtBb_7backend9transport14AgentTransport14create_session
FN:975,_RNvXs8_NtNtNtCs2XshHk0aCOj_9paperboat3app13agent_spawner5testsNtB5_18RecordingTransportNtNtNtBb_7backend9transport14AgentTransport15respond_to_tool
FN:966,_RNvXs8_NtNtNtCs2XshHk0aCOj_9paperboat3app13agent_spawner5testsNtB5_18RecordingTransportNtNtNtBb_7backend9transport14AgentTransport18take_notifications
FN:979,_RNvXs8_NtNtNtCs2XshHk0aCOj_9paperboat3app13agent_spawner5testsNtB5_18RecordingTransportNtNtNtBb_7backend9transport14AgentTransport8shutdown
FN:1016,_RNvXsa_NtNtNtCs2XshHk0aCOj_9paperboat3app13agent_spawner5testsNtB5_16RecordingBackendNtNtNtBb_7backend5trait7Backend10check_auth
FN:1088,_RNvXsa_NtNtNtCs2XshHk0aCOj_9paperboat3app13agent_spawner5testsNtB5_16RecordingBackendNtNtNtBb_7backend5trait7Backend10login_hint
FN:1032,_RNvXsa_NtNtNtCs2XshHk0aCOj_9paperboat3app13agent_spawner5testsNtB5_16RecordingBackendNtNtNtBb_7backend5trait7Backend11cleanup_mcp
FN:1024,_RNvXsa_NtNtNtCs2XshHk0aCOj_9paperboat3app13agent_spawner5testsNtB5_16RecordingBackendNtNtNtBb_7backend5trait7Backend12resolve_tier
FN:1041,_RNvXsa_NtNtNtCs2XshHk0aCOj_9paperboat3app13agent_spawner5testsNtB5_16RecordingBackendNtNtNtBb_7backend5trait7Backend13create_client
FN:1020,_RNvXsa_NtNtNtCs2XshHk0aCOj_9paperboat3app13agent_spawner5testsNtB5_16RecordingBackendNtNtNtBb_7backend5trait7Backend15available_tiers
FN:1058,_RNvXsa_NtNtNtCs2XshHk0aCOj_9paperboat3app13agent_spawner5testsNtB5_16RecordingBackendNtNtNtBb_7backend5trait7Backend16create_transport
FN:1045,_RNvXsa_NtNtNtCs2XshHk0aCOj_9paperboat3app13agent_spawner5testsNtB5_16RecordingBackendNtNtNtBb_7backend5trait7Backend17setup_agent_cache
FN:1012,_RNvXsa_NtNtNtCs2XshHk0aCOj_9paperboat3app13agent_spawner5testsNtB5_16RecordingBackendNtNtNtBb_7backend5trait7Backend4name
FN:1028,_RNvXsa_NtNtNtCs2XshHk0aCOj_9paperboat3app13agent_spawner5testsNtB5_16RecordingBackendNtNtNtBb_7backend5trait7Backend9setup_mcp
FN:60,_RNvMNtNtCs2XshHk0aCOj_9paperboat3app13agent_spawnerNtB2_12AgentSession12take_tool_rx
FN:72,_RNvNtNtCs2XshHk0aCOj_9paperboat3app13agent_spawner26spawn_transport_with_retry
FN:1107,_RNvXs0_NtNtNtCs2XshHk0aCOj_9paperboat3app13agent_spawner5testsNtB5_8EnvGuardNtNtNtCskpTlHb4dJmc_4core3ops4drop4Drop4drop
FN:111,_RNCNCNCNCNvNtNtCs2XshHk0aCOj_9paperboat3app13agent_spawner26spawn_transport_with_retry0000Bd_
FN:129,_RNCNCNCNCNvNtNtCs2XshHk0aCOj_9paperboat3app13agent_spawner26spawn_transport_with_retry000s0_0Bd_
FN:116,_RNCNCNCNCNvNtNtCs2XshHk0aCOj_9paperboat3app13agent_spawner26spawn_transport_with_retry000s_0Bd_
FN:619,_RNCNCNCNvMs_NtNtCs2XshHk0aCOj_9paperboat3app13agent_spawnerNtBc_3App18resolve_agent_spec000Be_
FN:414,_RNCNCNCNvMs_NtNtCs2XshHk0aCOj_9paperboat3app13agent_spawnerNtBc_3App27spawn_agent_with_own_socket000Be_
FN:487,_RNCNCNCNvMs_NtNtCs2XshHk0aCOj_9paperboat3app13agent_spawnerNtBc_3App27spawn_agent_with_own_socket00s_0Be_
FN:205,_RNCNCNCNvMs_NtNtCs2XshHk0aCOj_9paperboat3app13agent_spawnerNtBc_3App30spawn_agent_with_resolved_spec000Be_
FN:106,_RNCNCNCNvNtNtCs2XshHk0aCOj_9paperboat3app13agent_spawner26spawn_transport_with_retry000Bb_
FN:615,_RNCNCNvMs_NtNtCs2XshHk0aCOj_9paperboat3app13agent_spawnerNtBa_3App18resolve_agent_spec00Bc_
FN:631,_RNCNCNvMs_NtNtCs2XshHk0aCOj_9paperboat3app13agent_spawnerNtBa_3App18resolve_agent_spec0s_0Bc_
FN:376,_RNCNCNvMs_NtNtCs2XshHk0aCOj_9paperboat3app13agent_spawnerNtBa_3App32create_worker_session_with_retry00Bc_
FN:101,_RNCNCNvNtNtCs2XshHk0aCOj_9paperboat3app13agent_spawner26spawn_transport_with_retry00B9_
FN:156,_RNCNCNvNtNtCs2XshHk0aCOj_9paperboat3app13agent_spawner26spawn_transport_with_retry0s_0B9_
FN:167,_RNCNvMs_NtNtCs2XshHk0aCOj_9paperboat3app13agent_spawnerNtB8_3App17spawn_implementer0Ba_
FN:589,_RNCNvMs_NtNtCs2XshHk0aCOj_9paperboat3app13agent_spawnerNtB8_3App18resolve_agent_spec0Ba_
FN:812,_RNCNvMs_NtNtCs2XshHk0aCOj_9paperboat3app13agent_spawnerNtB8_3App23spawn_agents_concurrent0Ba_
FN:533,_RNCNvMs_NtNtCs2XshHk0aCOj_9paperboat3app13agent_spawnerNtB8_3App24resolve_prompt_and_tools0Ba_
FN:545,_RNCNvMs_NtNtCs2XshHk0aCOj_9paperboat3app13agent_spawnerNtB8_3App24resolve_prompt_and_toolss_0Ba_
FN:404,_RNCNvMs_NtNtCs2XshHk0aCOj_9paperboat3app13agent_spawnerNtB8_3App27spawn_agent_with_own_socket0Ba_
FN:669,_RNCNvMs_NtNtCs2XshHk0aCOj_9paperboat3app13agent_spawnerNtB8_3App30spawn_agent_async_with_context0Ba_
FN:192,_RNCNvMs_NtNtCs2XshHk0aCOj_9paperboat3app13agent_spawnerNtB8_3App30spawn_agent_with_resolved_spec0Ba_
FN:293,_RNCNvMs_NtNtCs2XshHk0aCOj_9paperboat3app13agent_spawnerNtB8_3App32create_worker_session_with_retry0Ba_
FN:80,_RNCNvNtNtCs2XshHk0aCOj_9paperboat3app13agent_spawner26spawn_transport_with_retry0B7_
FN:1121,_RNCNCNvNtNtNtCs2XshHk0aCOj_9paperboat3app13agent_spawner5testss_67spawn_transport_retries_transient_session_creation_failure_in_order00Bb_
FN:1179,_RNCNCNvNtNtNtCs2XshHk0aCOj_9paperboat3app13agent_spawner5testss_68spawn_transport_falls_back_to_next_model_without_retrying_same_model00Bb_
FN:1236,_RNCNvNtNtNtCs2XshHk0aCOj_9paperboat3app13agent_spawner5testss_58spawn_agent_async_marks_task_failed_and_logs_startup_error0B9_
FN:1121,_RNCNvNtNtNtCs2XshHk0aCOj_9paperboat3app13agent_spawner5testss_67spawn_transport_retries_transient_session_creation_failure_in_order0B9_
FN:1179,_RNCNvNtNtNtCs2XshHk0aCOj_9paperboat3app13agent_spawner5testss_68spawn_transport_falls_back_to_next_model_without_retrying_same_model0B9_
FN:167,_RNvMs_NtNtCs2XshHk0aCOj_9paperboat3app13agent_spawnerNtB6_3App17spawn_implementer
FN:589,_RNvMs_NtNtCs2XshHk0aCOj_9paperboat3app13agent_spawnerNtB6_3App18resolve_agent_spec
FN:808,_RNvMs_NtNtCs2XshHk0aCOj_9paperboat3app13agent_spawnerNtB6_3App23spawn_agents_concurrent
FN:520,_RNvMs_NtNtCs2XshHk0aCOj_9paperboat3app13agent_spawnerNtB6_3App24resolve_prompt_and_tools
FN:856,_RNvMs_NtNtCs2XshHk0aCOj_9paperboat3app13agent_spawnerNtB6_3App25resolve_implementer_model
FN:394,_RNvMs_NtNtCs2XshHk0aCOj_9paperboat3app13agent_spawnerNtB6_3App27spawn_agent_with_own_socket
FN:665,_RNvMs_NtNtCs2XshHk0aCOj_9paperboat3app13agent_spawnerNtB6_3App30spawn_agent_async_with_context
FN:189,_RNvMs_NtNtCs2XshHk0aCOj_9paperboat3app13agent_spawnerNtB6_3App30spawn_agent_with_resolved_spec
FN:288,_RNvMs_NtNtCs2XshHk0aCOj_9paperboat3app13agent_spawnerNtB6_3App32create_worker_session_with_retry
FNDA:1,_RNvMNtNtNtCs2XshHk0aCOj_9paperboat3app13agent_spawner5testsNtB2_16RecordingBackend19with_fallback_chain
FNDA:3,_RNvMNtNtNtCs2XshHk0aCOj_9paperboat3app13agent_spawner5testsNtB2_16RecordingBackend3new
FNDA:2,_RNvMNtNtNtCs2XshHk0aCOj_9paperboat3app13agent_spawner5testsNtB2_16RecordingBackend6events
FNDA:4,_RNvMs_NtNtNtCs2XshHk0aCOj_9paperboat3app13agent_spawner5testsNtB4_8EnvGuard3set
FNDA:1,_RNvNtNtNtCs2XshHk0aCOj_9paperboat3app13agent_spawner5tests17test_model_config
FNDA:1,_RNvNtNtNtCs2XshHk0aCOj_9paperboat3app13agent_spawner5testss_58spawn_agent_async_marks_task_failed_and_logs_startup_error
FNDA:4,_RNvXs8_NtNtNtCs2XshHk0aCOj_9paperboat3app13agent_spawner5testsNtB5_18RecordingTransportNtNtNtBb_7backend9transport14AgentTransport10initialize
FNDA:0,_RNvXs8_NtNtNtCs2XshHk0aCOj_9paperboat3app13agent_spawner5testsNtB5_18RecordingTransportNtNtNtBb_7backend9transport14AgentTransport11send_prompt
FNDA:4,_RNvXs8_NtNtNtCs2XshHk0aCOj_9paperboat3app13agent_spawner5testsNtB5_18RecordingTransportNtNtNtBb_7backend9transport14AgentTransport14create_session
FNDA:0,_RNvXs8_NtNtNtCs2XshHk0aCOj_9paperboat3app13agent_spawner5testsNtB5_18RecordingTransportNtNtNtBb_7backend9transport14AgentTransport15respond_to_tool
FNDA:0,_RNvXs8_NtNtNtCs2XshHk0aCOj_9paperboat3app13agent_spawner5testsNtB5_18RecordingTransportNtNtNtBb_7backend9transport14AgentTransport18take_notifications
FNDA:0,_RNvXs8_NtNtNtCs2XshHk0aCOj_9paperboat3app13agent_spawner5testsNtB5_18RecordingTransportNtNtNtBb_7backend9transport14AgentTransport8shutdown
FNDA:0,_RNvXsa_NtNtNtCs2XshHk0aCOj_9paperboat3app13agent_spawner5testsNtB5_16RecordingBackendNtNtNtBb_7backend5trait7Backend10check_auth
FNDA:0,_RNvXsa_NtNtNtCs2XshHk0aCOj_9paperboat3app13agent_spawner5testsNtB5_16RecordingBackendNtNtNtBb_7backend5trait7Backend10login_hint
FNDA:0,_RNvXsa_NtNtNtCs2XshHk0aCOj_9paperboat3app13agent_spawner5testsNtB5_16RecordingBackendNtNtNtBb_7backend5trait7Backend11cleanup_mcp
FNDA:1,_RNvXsa_NtNtNtCs2XshHk0aCOj_9paperboat3app13agent_spawner5testsNtB5_16RecordingBackendNtNtNtBb_7backend5trait7Backend12resolve_tier
FNDA:0,_RNvXsa_NtNtNtCs2XshHk0aCOj_9paperboat3app13agent_spawner5testsNtB5_16RecordingBackendNtNtNtBb_7backend5trait7Backend13create_client
FNDA:0,_RNvXsa_NtNtNtCs2XshHk0aCOj_9paperboat3app13agent_spawner5testsNtB5_16RecordingBackendNtNtNtBb_7backend5trait7Backend15available_tiers
FNDA:5,_RNvXsa_NtNtNtCs2XshHk0aCOj_9paperboat3app13agent_spawner5testsNtB5_16RecordingBackendNtNtNtBb_7backend5trait7Backend16create_transport
FNDA:0,_RNvXsa_NtNtNtCs2XshHk0aCOj_9paperboat3app13agent_spawner5testsNtB5_16RecordingBackendNtNtNtBb_7backend5trait7Backend17setup_agent_cache
FNDA:0,_RNvXsa_NtNtNtCs2XshHk0aCOj_9paperboat3app13agent_spawner5testsNtB5_16RecordingBackendNtNtNtBb_7backend5trait7Backend4name
FNDA:0,_RNvXsa_NtNtNtCs2XshHk0aCOj_9paperboat3app13agent_spawner5testsNtB5_16RecordingBackendNtNtNtBb_7backend5trait7Backend9setup_mcp
FNDA:65,_RNvMNtNtCs2XshHk0aCOj_9paperboat3app13agent_spawnerNtB2_12AgentSession12take_tool_rx
FNDA:3,_RNvNtNtCs2XshHk0aCOj_9paperboat3app13agent_spawner26spawn_transport_with_retry
FNDA:4,_RNvXs0_NtNtNtCs2XshHk0aCOj_9paperboat3app13agent_spawner5testsNtB5_8EnvGuardNtNtNtCskpTlHb4dJmc_4core3ops4drop4Drop4drop
FNDA:1,_RNCNCNCNCNvNtNtCs2XshHk0aCOj_9paperboat3app13agent_spawner26spawn_transport_with_retry0000Bd_
FNDA:2,_RNCNCNCNCNvNtNtCs2XshHk0aCOj_9paperboat3app13agent_spawner26spawn_transport_with_retry000s0_0Bd_
FNDA:0,_RNCNCNCNCNvNtNtCs2XshHk0aCOj_9paperboat3app13agent_spawner26spawn_transport_with_retry000s_0Bd_
FNDA:1,_RNCNCNCNvMs_NtNtCs2XshHk0aCOj_9paperboat3app13agent_spawnerNtBc_3App18resolve_agent_spec000Be_
FNDA:0,_RNCNCNCNvMs_NtNtCs2XshHk0aCOj_9paperboat3app13agent_spawnerNtBc_3App27spawn_agent_with_own_socket000Be_
FNDA:0,_RNCNCNCNvMs_NtNtCs2XshHk0aCOj_9paperboat3app13agent_spawnerNtBc_3App27spawn_agent_with_own_socket00s_0Be_
FNDA:0,_RNCNCNCNvMs_NtNtCs2XshHk0aCOj_9paperboat3app13agent_spawnerNtBc_3App30spawn_agent_with_resolved_spec000Be_
FNDA:5,_RNCNCNCNvNtNtCs2XshHk0aCOj_9paperboat3app13agent_spawner26spawn_transport_with_retry000Bb_
FNDA:1,_RNCNCNvMs_NtNtCs2XshHk0aCOj_9paperboat3app13agent_spawnerNtBa_3App18resolve_agent_spec00Bc_
FNDA:0,_RNCNCNvMs_NtNtCs2XshHk0aCOj_9paperboat3app13agent_spawnerNtBa_3App18resolve_agent_spec0s_0Bc_
FNDA:0,_RNCNCNvMs_NtNtCs2XshHk0aCOj_9paperboat3app13agent_spawnerNtBa_3App32create_worker_session_with_retry00Bc_
FNDA:5,_RNCNCNvNtNtCs2XshHk0aCOj_9paperboat3app13agent_spawner26spawn_transport_with_retry00B9_
FNDA:0,_RNCNCNvNtNtCs2XshHk0aCOj_9paperboat3app13agent_spawner26spawn_transport_with_retry0s_0B9_
FNDA:65,_RNCNvMs_NtNtCs2XshHk0aCOj_9paperboat3app13agent_spawnerNtB8_3App17spawn_implementer0Ba_
FNDA:1,_RNCNvMs_NtNtCs2XshHk0aCOj_9paperboat3app13agent_spawnerNtB8_3App18resolve_agent_spec0Ba_
FNDA:0,_RNCNvMs_NtNtCs2XshHk0aCOj_9paperboat3app13agent_spawnerNtB8_3App23spawn_agents_concurrent0Ba_
FNDA:0,_RNCNvMs_NtNtCs2XshHk0aCOj_9paperboat3app13agent_spawnerNtB8_3App24resolve_prompt_and_tools0Ba_
FNDA:0,_RNCNvMs_NtNtCs2XshHk0aCOj_9paperboat3app13agent_spawnerNtB8_3App24resolve_prompt_and_toolss_0Ba_
FNDA:1,_RNCNvMs_NtNtCs2XshHk0aCOj_9paperboat3app13agent_spawnerNtB8_3App27spawn_agent_with_own_socket0Ba_
FNDA:1,_RNCNvMs_NtNtCs2XshHk0aCOj_9paperboat3app13agent_spawnerNtB8_3App30spawn_agent_async_with_context0Ba_
FNDA:65,_RNCNvMs_NtNtCs2XshHk0aCOj_9paperboat3app13agent_spawnerNtB8_3App30spawn_agent_with_resolved_spec0Ba_
FNDA:65,_RNCNvMs_NtNtCs2XshHk0aCOj_9paperboat3app13agent_spawnerNtB8_3App32create_worker_session_with_retry0Ba_
FNDA:3,_RNCNvNtNtCs2XshHk0aCOj_9paperboat3app13agent_spawner26spawn_transport_with_retry0B7_
FNDA:1,_RNCNCNvNtNtNtCs2XshHk0aCOj_9paperboat3app13agent_spawner5testss_67spawn_transport_retries_transient_session_creation_failure_in_order00Bb_
FNDA:1,_RNCNCNvNtNtNtCs2XshHk0aCOj_9paperboat3app13agent_spawner5testss_68spawn_transport_falls_back_to_next_model_without_retrying_same_model00Bb_
FNDA:1,_RNCNvNtNtNtCs2XshHk0aCOj_9paperboat3app13agent_spawner5testss_58spawn_agent_async_marks_task_failed_and_logs_startup_error0B9_
FNDA:1,_RNCNvNtNtNtCs2XshHk0aCOj_9paperboat3app13agent_spawner5testss_67spawn_transport_retries_transient_session_creation_failure_in_order0B9_
FNDA:1,_RNCNvNtNtNtCs2XshHk0aCOj_9paperboat3app13agent_spawner5testss_68spawn_transport_falls_back_to_next_model_without_retrying_same_model0B9_
FNDA:65,_RNvMs_NtNtCs2XshHk0aCOj_9paperboat3app13agent_spawnerNtB6_3App17spawn_implementer
FNDA:1,_RNvMs_NtNtCs2XshHk0aCOj_9paperboat3app13agent_spawnerNtB6_3App18resolve_agent_spec
FNDA:0,_RNvMs_NtNtCs2XshHk0aCOj_9paperboat3app13agent_spawnerNtB6_3App23spawn_agents_concurrent
FNDA:66,_RNvMs_NtNtCs2XshHk0aCOj_9paperboat3app13agent_spawnerNtB6_3App24resolve_prompt_and_tools
FNDA:66,_RNvMs_NtNtCs2XshHk0aCOj_9paperboat3app13agent_spawnerNtB6_3App25resolve_implementer_model
FNDA:1,_RNvMs_NtNtCs2XshHk0aCOj_9paperboat3app13agent_spawnerNtB6_3App27spawn_agent_with_own_socket
FNDA:1,_RNvMs_NtNtCs2XshHk0aCOj_9paperboat3app13agent_spawnerNtB6_3App30spawn_agent_async_with_context
FNDA:65,_RNvMs_NtNtCs2XshHk0aCOj_9paperboat3app13agent_spawnerNtB6_3App30spawn_agent_with_resolved_spec
FNDA:65,_RNvMs_NtNtCs2XshHk0aCOj_9paperboat3app13agent_spawnerNtB6_3App32create_worker_session_with_retry
FNF:60
FNH:37
DA:60,65
DA:61,65
DA:62,65
DA:72,3
DA:73,3
DA:74,3
DA:75,3
DA:76,3
DA:77,3
DA:78,3
DA:79,3
DA:80,3
DA:83,3
DA:86,3
DA:88,4
DA:89,4
DA:91,4
DA:95,4
DA:96,4
DA:97,4
DA:98,4
DA:101,5
DA:102,5
DA:103,5
DA:104,5
DA:106,5
DA:108,5
DA:109,5
DA:110,5
DA:111,5
DA:112,1
DA:113,1
DA:116,4
DA:117,0
DA:118,0
DA:121,4
DA:122,4
DA:123,4
DA:124,4
DA:126,4
DA:127,4
DA:128,4
DA:129,4
DA:131,2
DA:132,5
DA:133,5
DA:134,4
DA:136,4
DA:137,2
DA:138,2
DA:139,2
DA:140,1
DA:145,1
DA:146,1
DA:147,1
DA:149,1
DA:155,0
DA:156,0
DA:157,0
DA:161,3
DA:167,65
DA:177,65
DA:189,65
DA:190,65
DA:191,65
DA:192,65
DA:205,0
DA:206,0
DA:207,0
DA:279,65
DA:288,65
DA:289,65
DA:290,65
DA:291,65
DA:292,65
DA:293,65
DA:296,65
DA:299,65
DA:301,65
DA:302,65
DA:303,65
DA:306,65
DA:309,65
DA:310,65
DA:311,65
DA:313,65
DA:314,65
DA:315,65
DA:316,0
DA:319,0
DA:322,65
DA:323,65
DA:325,0
DA:327,0
DA:328,0
DA:332,0
DA:333,0
DA:334,0
DA:336,0
DA:337,0
DA:339,0
DA:340,0
DA:343,0
DA:348,0
DA:351,0
DA:352,0
DA:353,0
DA:354,0
DA:357,0
DA:358,0
DA:360,0
DA:362,0
DA:365,0
DA:375,0
DA:376,0
DA:377,0
DA:381,65
DA:394,1
DA:395,1
DA:396,1
DA:397,1
DA:398,1
DA:399,1
DA:400,1
DA:401,1
DA:402,1
DA:403,1
DA:404,1
DA:414,0
DA:415,0
DA:417,0
DA:419,0
DA:487,0
DA:488,0
DA:490,0
DA:493,0
DA:503,1
DA:520,66
DA:521,66
DA:522,66
DA:523,66
DA:524,66
DA:527,66
DA:530,0
DA:531,0
DA:532,0
DA:533,0
DA:535,0
DA:536,0
DA:538,0
DA:540,66
DA:542,66
DA:543,66
DA:544,66
DA:545,66
DA:547,66
DA:548,66
DA:549,66
DA:550,66
DA:551,66
DA:553,66
DA:554,66
DA:555,66
DA:556,66
DA:557,66
DA:559,66
DA:563,0
DA:567,0
DA:568,0
DA:570,0
DA:571,0
DA:572,0
DA:573,0
DA:574,0
DA:576,0
DA:579,66
DA:589,1
DA:590,1
DA:591,1
DA:594,1
DA:595,0
DA:597,0
DA:598,0
DA:601,0
DA:603,0
DA:605,0
DA:608,0
DA:611,1
DA:614,1
DA:615,1
DA:617,1
DA:618,1
DA:619,1
DA:622,1
DA:623,0
DA:628,1
DA:629,1
DA:630,1
DA:631,1
DA:634,1
DA:635,0
DA:636,0
DA:637,0
DA:638,1
DA:640,1
DA:641,1
DA:665,1
DA:666,1
DA:667,1
DA:668,1
DA:669,1
DA:789,1
DA:808,0
DA:809,0
DA:810,0
DA:811,0
DA:812,0
DA:841,0
DA:846,0
DA:856,66
DA:857,66
DA:858,66
DA:859,66
DA:861,66
DA:862,66
DA:863,66
DA:864,66
DA:867,66
DA:868,0
DA:869,0
DA:874,0
DA:876,66
DA:880,66
DA:881,66
DA:882,66
DA:932,4
DA:945,4
DA:947,4
DA:960,4
DA:962,0
DA:964,0
DA:966,0
DA:967,0
DA:968,0
DA:975,0
DA:977,0
DA:979,0
DA:981,0
DA:992,3
DA:993,3
DA:994,3
DA:995,3
DA:996,3
DA:997,3
DA:998,3
DA:1000,1
DA:1001,1
DA:1002,1
DA:1003,1
DA:1005,2
DA:1006,2
DA:1007,2
DA:1012,0
DA:1013,0
DA:1014,0
DA:1016,0
DA:1017,0
DA:1018,0
DA:1020,0
DA:1022,0
DA:1024,1
DA:1025,1
DA:1026,1
DA:1028,0
DA:1030,0
DA:1032,0
DA:1033,0
DA:1034,0
DA:1041,0
DA:1043,0
DA:1045,0
DA:1046,0
DA:1047,0
DA:1048,0
DA:1049,0
DA:1050,0
DA:1051,0
DA:1058,5
DA:1086,5
DA:1088,0
DA:1089,0
DA:1090,0
DA:1099,4
DA:1100,4
DA:1101,4
DA:1102,4
DA:1103,4
DA:1107,4
DA:1108,4
DA:1109,0
DA:1110,4
DA:1112,4
DA:1115,1
DA:1116,1
DA:1117,1
DA:1121,2
DA:1122,1
DA:1123,1
DA:1125,1
DA:1126,1
DA:1127,1
DA:1128,1
DA:1129,1
DA:1130,1
DA:1131,1
DA:1132,1
DA:1133,1
DA:1134,1
DA:1135,1
DA:1138,1
DA:1139,1
DA:1140,1
DA:1141,1
DA:1142,1
DA:1143,1
DA:1144,1
DA:1145,1
DA:1146,1
DA:1147,1
DA:1148,1
DA:1150,1
DA:1151,1
DA:1152,1
DA:1153,1
DA:1154,1
DA:1155,1
DA:1156,1
DA:1157,1
DA:1158,1
DA:1159,1
DA:1160,1
DA:1161,1
DA:1162,1
DA:1163,1
DA:1164,1
DA:1165,1
DA:1166,1
DA:1167,1
DA:1168,1
DA:1169,1
DA:1170,1
DA:1171,1
DA:1172,1
DA:1173,1
DA:1174,1
DA:1179,2
DA:1180,1
DA:1181,1
DA:1183,1
DA:1184,1
DA:1185,1
DA:1186,1
DA:1187,1
DA:1188,1
DA:1189,1
DA:1190,1
DA:1191,1
DA:1192,1
DA:1193,1
DA:1196,1
DA:1197,1
DA:1198,1
DA:1199,1
DA:1200,1
DA:1201,1
DA:1202,1
DA:1203,1
DA:1204,1
DA:1205,1
DA:1206,1
DA:1208,1
DA:1209,1
DA:1210,1
DA:1211,1
DA:1212,1
DA:1213,1
DA:1214,1
DA:1215,1
DA:1216,1
DA:1217,1
DA:1218,1
DA:1219,1
DA:1220,1
DA:1221,1
DA:1222,1
DA:1223,1
DA:1224,1
DA:1225,1
DA:1226,1
DA:1227,1
DA:1228,1
DA:1229,1
DA:1230,1
DA:1231,1
DA:1232,1
DA:1236,1
DA:1237,1
DA:1238,1
DA:1239,1
DA:1240,1
DA:1242,1
DA:1243,1
DA:1244,1
DA:1245,1
DA:1247,1
DA:1248,1
DA:1249,1
DA:1250,1
DA:1251,1
DA:1252,1
DA:1253,1
DA:1256,1
DA:1257,1
DA:1258,1
DA:1261,1
DA:1262,1
DA:1263,1
DA:1264,1
DA:1265,1
DA:1266,1
DA:1267,1
DA:1268,1
DA:1270,1
DA:1271,1
DA:1272,1
DA:1273,1
DA:1276,1
DA:1277,1
DA:1278,1
DA:1282,1
DA:1283,1
DA:1284,1
DA:1285,1
DA:1286,1
DA:1287,1
DA:1288,1
DA:1290,1
DA:1291,1
DA:1292,1
DA:1293,1
DA:1295,0
DA:1298,1
DA:1299,1
DA:1300,1
DA:1301,1
DA:1302,1
DA:1303,1
DA:1304,1
BRF:0
BRH:0
LF:477
LH:354
end_of_record
SF:/Users/dbmrq/Documents/Programação/Misc/paperboat/src/app/concurrent_spawner.rs
FN:180,_RNvNtNtNtCs2XshHk0aCOj_9paperboat3app18concurrent_spawner5tests12agent_result
FN:191,_RNvNtNtNtCs2XshHk0aCOj_9paperboat3app18concurrent_spawner5testss_60test_wait_for_all_collects_mixed_success_and_failure_results
FN:257,_RNvNtNtNtCs2XshHk0aCOj_9paperboat3app18concurrent_spawner5testss_61test_wait_for_any_returns_first_completion_even_when_it_fails
FN:195,_RNCNCNvNtNtNtCs2XshHk0aCOj_9paperboat3app18concurrent_spawner5testss_60test_wait_for_all_collects_mixed_success_and_failure_results00Bb_
FN:239,_RNCNCNvNtNtNtCs2XshHk0aCOj_9paperboat3app18concurrent_spawner5testss_60test_wait_for_all_collects_mixed_success_and_failure_results0s1_0Bb_
FN:245,_RNCNCNvNtNtNtCs2XshHk0aCOj_9paperboat3app18concurrent_spawner5testss_60test_wait_for_all_collects_mixed_success_and_failure_results0s2_0Bb_
FN:251,_RNCNCNvNtNtNtCs2XshHk0aCOj_9paperboat3app18concurrent_spawner5testss_60test_wait_for_all_collects_mixed_success_and_failure_results0s3_0Bb_
FN:205,_RNCNCNvNtNtNtCs2XshHk0aCOj_9paperboat3app18concurrent_spawner5testss_60test_wait_for_all_collects_mixed_success_and_failure_results0s_0Bb_
FN:261,_RNCNCNvNtNtNtCs2XshHk0aCOj_9paperboat3app18concurrent_spawner5testss_61test_wait_for_any_returns_first_completion_even_when_it_fails00Bb_
FN:271,_RNCNCNvNtNtNtCs2XshHk0aCOj_9paperboat3app18concurrent_spawner5testss_61test_wait_for_any_returns_first_completion_even_when_it_fails0s_0Bb_
FN:191,_RNCNvNtNtNtCs2XshHk0aCOj_9paperboat3app18concurrent_spawner5testss_60test_wait_for_all_collects_mixed_success_and_failure_results0B9_
FN:257,_RNCNvNtNtNtCs2XshHk0aCOj_9paperboat3app18concurrent_spawner5testss_61test_wait_for_any_returns_first_completion_even_when_it_fails0B9_
FN:84,_RNvNtNtCs2XshHk0aCOj_9paperboat3app18concurrent_spawner12wait_for_all
FN:119,_RNvNtNtCs2XshHk0aCOj_9paperboat3app18concurrent_spawner12wait_for_any
FN:14,_RNvNtNtCs2XshHk0aCOj_9paperboat3app18concurrent_spawner18create_spawn_error
FN:70,_RNvNtNtCs2XshHk0aCOj_9paperboat3app18concurrent_spawner21extract_role_and_task
FN:167,_RNvNtNtCs2XshHk0aCOj_9paperboat3app18concurrent_spawner22handle_fire_and_forget
FN:131,_RNCNCNvNtNtCs2XshHk0aCOj_9paperboat3app18concurrent_spawner12wait_for_any00B9_
FN:87,_RNCNvNtNtCs2XshHk0aCOj_9paperboat3app18concurrent_spawner12wait_for_all0B7_
FN:122,_RNCNvNtNtCs2XshHk0aCOj_9paperboat3app18concurrent_spawner12wait_for_any0B7_
FN:18,_RNCNvNtNtCs2XshHk0aCOj_9paperboat3app18concurrent_spawner18create_spawn_error0B7_
FN:23,_RNCNvNtNtCs2XshHk0aCOj_9paperboat3app18concurrent_spawner18create_spawn_errors0_0B7_
FN:56,_RNCNvNtNtCs2XshHk0aCOj_9paperboat3app18concurrent_spawner18create_spawn_errors2_0B7_
FN:22,_RNCNvNtNtCs2XshHk0aCOj_9paperboat3app18concurrent_spawner18create_spawn_errors_0B7_
FN:74,_RNCNvNtNtCs2XshHk0aCOj_9paperboat3app18concurrent_spawner21extract_role_and_task0B7_
FN:79,_RNCNvNtNtCs2XshHk0aCOj_9paperboat3app18concurrent_spawner21extract_role_and_tasks0_0B7_
FN:78,_RNCNvNtNtCs2XshHk0aCOj_9paperboat3app18concurrent_spawner21extract_role_and_tasks_0B7_
FNDA:5,_RNvNtNtNtCs2XshHk0aCOj_9paperboat3app18concurrent_spawner5tests12agent_result
FNDA:1,_RNvNtNtNtCs2XshHk0aCOj_9paperboat3app18concurrent_spawner5testss_60test_wait_for_all_collects_mixed_success_and_failure_results
FNDA:1,_RNvNtNtNtCs2XshHk0aCOj_9paperboat3app18concurrent_spawner5testss_61test_wait_for_any_returns_first_completion_even_when_it_fails
FNDA:1,_RNCNCNvNtNtNtCs2XshHk0aCOj_9paperboat3app18concurrent_spawner5testss_60test_wait_for_all_collects_mixed_success_and_failure_results00Bb_
FNDA:3,_RNCNCNvNtNtNtCs2XshHk0aCOj_9paperboat3app18concurrent_spawner5testss_60test_wait_for_all_collects_mixed_success_and_failure_results0s1_0Bb_
FNDA:2,_RNCNCNvNtNtNtCs2XshHk0aCOj_9paperboat3app18concurrent_spawner5testss_60test_wait_for_all_collects_mixed_success_and_failure_results0s2_0Bb_
FNDA:3,_RNCNCNvNtNtNtCs2XshHk0aCOj_9paperboat3app18concurrent_spawner5testss_60test_wait_for_all_collects_mixed_success_and_failure_results0s3_0Bb_
FNDA:1,_RNCNCNvNtNtNtCs2XshHk0aCOj_9paperboat3app18concurrent_spawner5testss_60test_wait_for_all_collects_mixed_success_and_failure_results0s_0Bb_
FNDA:1,_RNCNCNvNtNtNtCs2XshHk0aCOj_9paperboat3app18concurrent_spawner5testss_61test_wait_for_any_returns_first_completion_even_when_it_fails00Bb_
FNDA:1,_RNCNCNvNtNtNtCs2XshHk0aCOj_9paperboat3app18concurrent_spawner5testss_61test_wait_for_any_returns_first_completion_even_when_it_fails0s_0Bb_
FNDA:1,_RNCNvNtNtNtCs2XshHk0aCOj_9paperboat3app18concurrent_spawner5testss_60test_wait_for_all_collects_mixed_success_and_failure_results0B9_
FNDA:1,_RNCNvNtNtNtCs2XshHk0aCOj_9paperboat3app18concurrent_spawner5testss_61test_wait_for_any_returns_first_completion_even_when_it_fails0B9_
FNDA:1,_RNvNtNtCs2XshHk0aCOj_9paperboat3app18concurrent_spawner12wait_for_all
FNDA:1,_RNvNtNtCs2XshHk0aCOj_9paperboat3app18concurrent_spawner12wait_for_any
FNDA:0,_RNvNtNtCs2XshHk0aCOj_9paperboat3app18concurrent_spawner18create_spawn_error
FNDA:0,_RNvNtNtCs2XshHk0aCOj_9paperboat3app18concurrent_spawner21extract_role_and_task
FNDA:0,_RNvNtNtCs2XshHk0aCOj_9paperboat3app18concurrent_spawner22handle_fire_and_forget
FNDA:2,_RNCNCNvNtNtCs2XshHk0aCOj_9paperboat3app18concurrent_spawner12wait_for_any00B9_
FNDA:1,_RNCNvNtNtCs2XshHk0aCOj_9paperboat3app18concurrent_spawner12wait_for_all0B7_
FNDA:1,_RNCNvNtNtCs2XshHk0aCOj_9paperboat3app18concurrent_spawner12wait_for_any0B7_
FNDA:0,_RNCNvNtNtCs2XshHk0aCOj_9paperboat3app18concurrent_spawner18create_spawn_error0B7_
FNDA:0,_RNCNvNtNtCs2XshHk0aCOj_9paperboat3app18concurrent_spawner18create_spawn_errors0_0B7_
FNDA:0,_RNCNvNtNtCs2XshHk0aCOj_9paperboat3app18concurrent_spawner18create_spawn_errors2_0B7_
FNDA:0,_RNCNvNtNtCs2XshHk0aCOj_9paperboat3app18concurrent_spawner18create_spawn_errors_0B7_
FNDA:0,_RNCNvNtNtCs2XshHk0aCOj_9paperboat3app18concurrent_spawner21extract_role_and_task0B7_
FNDA:0,_RNCNvNtNtCs2XshHk0aCOj_9paperboat3app18concurrent_spawner21extract_role_and_tasks0_0B7_
FNDA:0,_RNCNvNtNtCs2XshHk0aCOj_9paperboat3app18concurrent_spawner21extract_role_and_tasks_0B7_
FNF:27
FNH:17
DA:14,0
DA:15,0
DA:16,0
DA:17,0
DA:18,0
DA:19,0
DA:20,0
DA:21,0
DA:22,0
DA:23,0
DA:24,0
DA:26,0
DA:29,0
DA:30,0
DA:31,0
DA:32,0
DA:33,0
DA:34,0
DA:35,0
DA:36,0
DA:37,0
DA:38,0
DA:39,0
DA:40,0
DA:41,0
DA:42,0
DA:43,0
DA:45,0
DA:46,0
DA:49,0
DA:54,0
DA:55,0
DA:56,0
DA:57,0
DA:60,0
DA:61,0
DA:62,0
DA:63,0
DA:64,0
DA:65,0
DA:66,0
DA:67,0
DA:70,0
DA:71,0
DA:72,0
DA:73,0
DA:74,0
DA:75,0
DA:76,0
DA:77,0
DA:78,0
DA:79,0
DA:80,0
DA:81,0
DA:84,1
DA:85,1
DA:86,1
DA:87,1
DA:88,1
DA:90,2
DA:91,2
DA:92,2
DA:93,2
DA:94,2
DA:95,0
DA:96,0
DA:97,0
DA:98,0
DA:99,0
DA:100,0
DA:101,0
DA:102,0
DA:103,0
DA:107,1
DA:108,1
DA:110,0
DA:112,0
DA:115,1
DA:116,1
DA:119,1
DA:120,1
DA:121,1
DA:122,1
DA:123,1
DA:124,0
DA:125,1
DA:127,1
DA:129,2
DA:130,2
DA:131,2
DA:132,2
DA:133,1
DA:134,1
DA:137,0
DA:138,0
DA:139,0
DA:140,0
DA:141,0
DA:142,0
DA:143,0
DA:144,0
DA:145,0
DA:148,1
DA:150,1
DA:152,1
DA:153,1
DA:158,1
DA:159,1
DA:160,1
DA:162,0
DA:164,1
DA:167,0
DA:168,0
DA:169,0
DA:170,0
DA:171,0
DA:172,0
DA:173,0
DA:180,5
DA:181,5
DA:182,5
DA:183,5
DA:184,5
DA:185,5
DA:186,5
DA:187,5
DA:188,5
DA:191,1
DA:192,1
DA:193,1
DA:195,1
DA:196,1
DA:197,1
DA:198,1
DA:199,1
DA:200,1
DA:201,1
DA:202,1
DA:203,1
DA:205,1
DA:206,1
DA:207,1
DA:208,1
DA:209,1
DA:210,1
DA:211,1
DA:212,1
DA:213,1
DA:215,1
DA:216,1
DA:217,1
DA:219,1
DA:221,1
DA:222,1
DA:223,1
DA:224,1
DA:225,1
DA:226,1
DA:227,1
DA:228,1
DA:229,1
DA:230,1
DA:231,1
DA:232,1
DA:234,1
DA:235,1
DA:236,1
DA:238,1
DA:239,3
DA:240,1
DA:241,1
DA:242,1
DA:243,1
DA:244,1
DA:245,2
DA:248,1
DA:249,1
DA:250,1
DA:251,3
DA:252,1
DA:253,1
DA:254,1
DA:257,1
DA:258,1
DA:259,1
DA:261,1
DA:262,1
DA:263,0
DA:264,0
DA:265,0
DA:266,0
DA:267,0
DA:268,0
DA:269,0
DA:271,1
DA:272,1
DA:273,1
DA:274,1
DA:275,1
DA:276,1
DA:277,1
DA:278,1
DA:279,1
DA:281,1
DA:282,1
DA:283,1
DA:285,1
DA:287,1
DA:288,1
DA:289,1
DA:290,1
DA:291,1
DA:292,1
DA:293,1
DA:294,1
DA:295,1
DA:296,1
DA:297,1
DA:298,1
DA:300,1
DA:301,1
DA:302,1
DA:303,1
DA:304,1
DA:307,1
DA:308,1
DA:309,1
DA:310,1
DA:311,1
BRF:0
BRH:0
LF:254
LH:157
end_of_record
SF:/Users/dbmrq/Documents/Programação/Misc/paperboat/src/app/context_generator.rs
FN:12,_RNvMNtNtCs2XshHk0aCOj_9paperboat3app17context_generatorNtB4_3App21generate_task_context
FN:35,_RNCNCNvMNtNtCs2XshHk0aCOj_9paperboat3app17context_generatorNtB8_3App21generate_task_context00Ba_
FN:76,_RNCNCNvMNtNtCs2XshHk0aCOj_9paperboat3app17context_generatorNtB8_3App21generate_task_context0s0_0Ba_
FN:59,_RNCNCNvMNtNtCs2XshHk0aCOj_9paperboat3app17context_generatorNtB8_3App21generate_task_context0s_0Ba_
FN:17,_RNCNvMNtNtCs2XshHk0aCOj_9paperboat3app17context_generatorNtB6_3App21generate_task_context0B8_
FNDA:0,_RNvMNtNtCs2XshHk0aCOj_9paperboat3app17context_generatorNtB4_3App21generate_task_context
FNDA:0,_RNCNCNvMNtNtCs2XshHk0aCOj_9paperboat3app17context_generatorNtB8_3App21generate_task_context00Ba_
FNDA:0,_RNCNCNvMNtNtCs2XshHk0aCOj_9paperboat3app17context_generatorNtB8_3App21generate_task_context0s0_0Ba_
FNDA:0,_RNCNCNvMNtNtCs2XshHk0aCOj_9paperboat3app17context_generatorNtB8_3App21generate_task_context0s_0Ba_
FNDA:0,_RNCNvMNtNtCs2XshHk0aCOj_9paperboat3app17context_generatorNtB6_3App21generate_task_context0B8_
FNF:5
FNH:0
DA:12,0
DA:13,0
DA:14,0
DA:15,0
DA:16,0
DA:17,0
DA:18,0
DA:21,0
DA:24,0
DA:25,0
DA:26,0
DA:27,0
DA:28,0
DA:31,0
DA:32,0
DA:35,0
DA:36,0
DA:38,0
DA:40,0
DA:42,0
DA:44,0
DA:46,0
DA:48,0
DA:51,0
DA:52,0
DA:53,0
DA:54,0
DA:56,0
DA:57,0
DA:58,0
DA:59,0
DA:60,0
DA:62,0
DA:65,0
DA:68,0
DA:69,0
DA:70,0
DA:71,0
DA:73,0
DA:74,0
DA:75,0
DA:76,0
DA:77,0
DA:79,0
DA:82,0
DA:84,0
DA:85,0
DA:86,0
DA:87,0
DA:89,0
DA:90,0
BRF:0
BRH:0
LF:55
LH:0
end_of_record
SF:/Users/dbmrq/Documents/Programação/Misc/paperboat/src/app/decompose.rs
FN:97,_RNCNvMNtNtCs2XshHk0aCOj_9paperboat3app9decomposeNtB6_3App22handle_decompose_inner0B8_
FN:83,_RNCNvMNtNtCs2XshHk0aCOj_9paperboat3app9decomposeNtB6_3App24get_decompose_task_state0B8_
FN:67,_RNCNvMNtNtCs2XshHk0aCOj_9paperboat3app9decomposeNtB6_3App30handle_decompose_with_response0B8_
FN:45,_RNCNvNtNtCs2XshHk0aCOj_9paperboat3app9decompose20finalize_child_tasks0B7_
FN:46,_RNCNvNtNtCs2XshHk0aCOj_9paperboat3app9decompose20finalize_child_taskss_0B7_
FN:97,_RNvMNtNtCs2XshHk0aCOj_9paperboat3app9decomposeNtB4_3App22handle_decompose_inner
FN:83,_RNvMNtNtCs2XshHk0aCOj_9paperboat3app9decomposeNtB4_3App24get_decompose_task_state
FN:63,_RNvMNtNtCs2XshHk0aCOj_9paperboat3app9decomposeNtB4_3App30handle_decompose_with_response
FN:40,_RNvNtNtCs2XshHk0aCOj_9paperboat3app9decompose20finalize_child_tasks
FNDA:4,_RNCNvMNtNtCs2XshHk0aCOj_9paperboat3app9decomposeNtB6_3App22handle_decompose_inner0B8_
FNDA:4,_RNCNvMNtNtCs2XshHk0aCOj_9paperboat3app9decomposeNtB6_3App24get_decompose_task_state0B8_
FNDA:4,_RNCNvMNtNtCs2XshHk0aCOj_9paperboat3app9decomposeNtB6_3App30handle_decompose_with_response0B8_
FNDA:8,_RNCNvNtNtCs2XshHk0aCOj_9paperboat3app9decompose20finalize_child_tasks0B7_
FNDA:0,_RNCNvNtNtCs2XshHk0aCOj_9paperboat3app9decompose20finalize_child_taskss_0B7_
FNDA:4,_RNvMNtNtCs2XshHk0aCOj_9paperboat3app9decomposeNtB4_3App22handle_decompose_inner
FNDA:4,_RNvMNtNtCs2XshHk0aCOj_9paperboat3app9decomposeNtB4_3App24get_decompose_task_state
FNDA:4,_RNvMNtNtCs2XshHk0aCOj_9paperboat3app9decomposeNtB4_3App30handle_decompose_with_response
FNDA:4,_RNvNtNtCs2XshHk0aCOj_9paperboat3app9decompose20finalize_child_tasks
FNF:9
FNH:8
DA:40,4
DA:42,4
DA:43,4
DA:44,4
DA:45,8
DA:46,4
DA:47,4
DA:49,4
DA:50,4
DA:51,0
DA:52,0
DA:53,0
DA:54,0
DA:55,0
DA:56,0
DA:57,0
DA:58,4
DA:59,4
DA:63,4
DA:64,4
DA:65,4
DA:66,4
DA:67,4
DA:68,4
DA:71,4
DA:73,4
DA:74,4
DA:75,4
DA:77,0
DA:78,0
DA:80,4
DA:83,4
DA:84,4
DA:85,4
DA:86,4
DA:87,4
DA:89,4
DA:90,4
DA:91,4
DA:92,4
DA:93,4
DA:94,4
DA:97,4
DA:98,4
DA:99,4
DA:100,4
DA:103,0
DA:107,4
DA:108,4
DA:109,4
DA:110,4
DA:111,4
DA:113,4
DA:114,4
DA:115,4
DA:120,4
DA:124,4
DA:125,4
DA:126,4
DA:127,4
DA:128,4
DA:132,4
DA:133,4
DA:134,4
DA:135,4
DA:136,4
DA:139,4
DA:140,4
DA:141,0
DA:143,0
DA:148,0
DA:149,0
DA:150,0
DA:151,0
DA:152,0
DA:156,0
DA:158,0
DA:159,0
DA:164,4
DA:165,4
DA:166,4
DA:167,4
DA:171,4
DA:173,4
DA:174,4
DA:175,4
DA:176,4
DA:177,4
DA:179,0
DA:180,4
DA:182,4
DA:186,4
DA:191,4
DA:192,4
DA:193,4
DA:194,4
DA:195,4
DA:197,4
DA:199,4
DA:200,4
DA:201,4
DA:203,0
DA:204,0
DA:206,0
DA:211,0
DA:212,0
DA:216,0
DA:218,0
DA:219,0
DA:224,4
DA:225,0
DA:226,4
DA:230,4
DA:231,4
DA:235,4
DA:236,4
DA:237,4
DA:240,4
DA:241,4
DA:242,4
DA:243,0
DA:244,0
DA:245,0
DA:247,0
DA:248,0
DA:249,0
DA:250,0
DA:254,4
DA:255,4
DA:256,4
DA:257,4
DA:258,4
DA:261,4
DA:262,4
DA:263,4
DA:264,4
DA:266,4
DA:267,4
DA:268,4
DA:270,0
DA:271,0
DA:273,0
DA:274,0
DA:275,0
DA:279,0
DA:282,0
DA:283,0
DA:284,0
DA:285,0
DA:286,0
DA:291,0
DA:292,0
DA:295,0
DA:296,0
DA:301,4
DA:302,0
DA:303,4
DA:307,4
DA:308,4
DA:309,4
DA:310,0
DA:315,4
DA:316,4
DA:320,4
DA:322,4
DA:323,4
DA:324,4
DA:326,4
DA:327,4
DA:331,0
DA:334,0
DA:338,0
DA:342,4
DA:344,4
DA:346,4
BRF:0
BRH:0
LF:180
LH:122
end_of_record
SF:/Users/dbmrq/Documents/Programação/Misc/paperboat/src/app/mod.rs
FN:173,_RNCNCNvMNtCs2XshHk0aCOj_9paperboat3appNtB6_3App28with_log_manager_and_timeout00B8_
FN:324,_RNCNvMNtCs2XshHk0aCOj_9paperboat3appNtB4_3App12setup_socket0B6_
FN:117,_RNCNvMNtCs2XshHk0aCOj_9paperboat3appNtB4_3App16with_log_manager0B6_
FN:549,_RNCNvMNtCs2XshHk0aCOj_9paperboat3appNtB4_3App24build_summary_with_notes0B6_
FN:143,_RNCNvMNtCs2XshHk0aCOj_9paperboat3appNtB4_3App28with_log_manager_and_timeout0B6_
FN:421,_RNvMNtCs2XshHk0aCOj_9paperboat3appNtB2_3App12model_config
FN:324,_RNvMNtCs2XshHk0aCOj_9paperboat3appNtB2_3App12setup_socket
FN:500,_RNvMNtCs2XshHk0aCOj_9paperboat3appNtB2_3App12task_manager
FN:112,_RNvMNtCs2XshHk0aCOj_9paperboat3appNtB2_3App16with_log_manager
FN:478,_RNvMNtCs2XshHk0aCOj_9paperboat3appNtB2_3App19poll_config_updates
FN:549,_RNvMNtCs2XshHk0aCOj_9paperboat3appNtB2_3App24build_summary_with_notes
FN:431,_RNvMNtCs2XshHk0aCOj_9paperboat3appNtB2_3App25set_config_update_channel
FN:137,_RNvMNtCs2XshHk0aCOj_9paperboat3appNtB2_3App28with_log_manager_and_timeout
FN:347,_RNCNvMNtCs2XshHk0aCOj_9paperboat3appNtB4_3App19start_worker_router0B6_
FN:377,_RNCNvMNtCs2XshHk0aCOj_9paperboat3appNtB4_3App19start_worker_routers_0B6_
FN:563,_RNCNvMNtCs2XshHk0aCOj_9paperboat3appNtB4_3App44build_summary_with_notes_and_suggested_tasks0B6_
FN:508,_RNCNvMNtCs2XshHk0aCOj_9paperboat3appNtB4_3App8shutdown0B6_
FN:411,_RNvMNtCs2XshHk0aCOj_9paperboat3appNtB2_3App14cleanup_socket
FN:341,_RNvMNtCs2XshHk0aCOj_9paperboat3appNtB2_3App19start_worker_router
FN:242,_RNvMNtCs2XshHk0aCOj_9paperboat3appNtB2_3App20with_mock_transports
FN:445,_RNvMNtCs2XshHk0aCOj_9paperboat3appNtB2_3App25apply_model_config_update
FN:284,_RNvMNtCs2XshHk0aCOj_9paperboat3appNtB2_3App32with_mock_transports_and_tool_rx
FN:559,_RNvMNtCs2XshHk0aCOj_9paperboat3appNtB2_3App44build_summary_with_notes_and_suggested_tasks
FN:508,_RNvMNtCs2XshHk0aCOj_9paperboat3appNtB2_3App8shutdown
FNDA:0,_RNCNCNvMNtCs2XshHk0aCOj_9paperboat3appNtB6_3App28with_log_manager_and_timeout00B8_
FNDA:0,_RNCNvMNtCs2XshHk0aCOj_9paperboat3appNtB4_3App12setup_socket0B6_
FNDA:0,_RNCNvMNtCs2XshHk0aCOj_9paperboat3appNtB4_3App16with_log_manager0B6_
FNDA:0,_RNCNvMNtCs2XshHk0aCOj_9paperboat3appNtB4_3App24build_summary_with_notes0B6_
FNDA:0,_RNCNvMNtCs2XshHk0aCOj_9paperboat3appNtB4_3App28with_log_manager_and_timeout0B6_
FNDA:0,_RNvMNtCs2XshHk0aCOj_9paperboat3appNtB2_3App12model_config
FNDA:0,_RNvMNtCs2XshHk0aCOj_9paperboat3appNtB2_3App12setup_socket
FNDA:0,_RNvMNtCs2XshHk0aCOj_9paperboat3appNtB2_3App12task_manager
FNDA:0,_RNvMNtCs2XshHk0aCOj_9paperboat3appNtB2_3App16with_log_manager
FNDA:0,_RNvMNtCs2XshHk0aCOj_9paperboat3appNtB2_3App19poll_config_updates
FNDA:0,_RNvMNtCs2XshHk0aCOj_9paperboat3appNtB2_3App24build_summary_with_notes
FNDA:0,_RNvMNtCs2XshHk0aCOj_9paperboat3appNtB2_3App25set_config_update_channel
FNDA:0,_RNvMNtCs2XshHk0aCOj_9paperboat3appNtB2_3App28with_log_manager_and_timeout
FNDA:0,_RNCNvMNtCs2XshHk0aCOj_9paperboat3appNtB4_3App19start_worker_router0B6_
FNDA:0,_RNCNvMNtCs2XshHk0aCOj_9paperboat3appNtB4_3App19start_worker_routers_0B6_
FNDA:60,_RNCNvMNtCs2XshHk0aCOj_9paperboat3appNtB4_3App44build_summary_with_notes_and_suggested_tasks0B6_
FNDA:39,_RNCNvMNtCs2XshHk0aCOj_9paperboat3appNtB4_3App8shutdown0B6_
FNDA:40,_RNvMNtCs2XshHk0aCOj_9paperboat3appNtB2_3App14cleanup_socket
FNDA:43,_RNvMNtCs2XshHk0aCOj_9paperboat3appNtB2_3App19start_worker_router
FNDA:2,_RNvMNtCs2XshHk0aCOj_9paperboat3appNtB2_3App20with_mock_transports
FNDA:0,_RNvMNtCs2XshHk0aCOj_9paperboat3appNtB2_3App25apply_model_config_update
FNDA:45,_RNvMNtCs2XshHk0aCOj_9paperboat3appNtB2_3App32with_mock_transports_and_tool_rx
FNDA:60,_RNvMNtCs2XshHk0aCOj_9paperboat3appNtB2_3App44build_summary_with_notes_and_suggested_tasks
FNDA:39,_RNvMNtCs2XshHk0aCOj_9paperboat3appNtB2_3App8shutdown
FNF:24
FNH:8
DA:112,0
DA:113,0
DA:114,0
DA:115,0
DA:116,0
DA:117,0
DA:118,0
DA:119,0
DA:120,0
DA:121,0
DA:122,0
DA:123,0
DA:124,0
DA:125,0
DA:126,0
DA:137,0
DA:138,0
DA:139,0
DA:140,0
DA:141,0
DA:142,0
DA:143,0
DA:145,0
DA:147,0
DA:149,0
DA:154,0
DA:155,0
DA:160,0
DA:163,0
DA:164,0
DA:165,0
DA:166,0
DA:169,0
DA:170,0
DA:173,0
DA:176,0
DA:177,0
DA:178,0
DA:179,0
DA:180,0
DA:181,0
DA:184,0
DA:185,0
DA:186,0
DA:187,0
DA:188,0
DA:189,0
DA:192,0
DA:193,0
DA:194,0
DA:195,0
DA:196,0
DA:197,0
DA:199,0
DA:202,0
DA:203,0
DA:205,0
DA:207,0
DA:208,0
DA:209,0
DA:212,0
DA:213,0
DA:214,0
DA:215,0
DA:216,0
DA:217,0
DA:218,0
DA:219,0
DA:220,0
DA:221,0
DA:222,0
DA:223,0
DA:224,0
DA:225,0
DA:226,0
DA:227,0
DA:228,0
DA:229,0
DA:230,0
DA:231,0
DA:232,0
DA:233,0
DA:234,0
DA:242,2
DA:243,2
DA:244,2
DA:245,2
DA:246,2
DA:247,2
DA:248,2
DA:249,2
DA:250,2
DA:252,2
DA:253,2
DA:254,2
DA:255,2
DA:256,2
DA:257,2
DA:258,2
DA:259,2
DA:260,2
DA:261,2
DA:262,2
DA:263,2
DA:264,2
DA:265,2
DA:266,2
DA:267,2
DA:268,2
DA:269,2
DA:270,2
DA:271,2
DA:272,2
DA:273,2
DA:274,2
DA:275,2
DA:276,2
DA:277,2
DA:284,45
DA:285,45
DA:286,45
DA:287,45
DA:288,45
DA:289,45
DA:290,45
DA:291,45
DA:292,45
DA:293,45
DA:295,45
DA:296,45
DA:297,45
DA:298,45
DA:299,45
DA:300,45
DA:301,45
DA:302,45
DA:303,45
DA:304,45
DA:305,45
DA:306,45
DA:307,45
DA:308,45
DA:309,45
DA:310,45
DA:311,45
DA:312,45
DA:313,45
DA:314,45
DA:315,45
DA:316,45
DA:317,45
DA:318,45
DA:319,45
DA:320,45
DA:324,0
DA:325,0
DA:327,0
DA:328,0
DA:329,0
DA:332,0
DA:334,0
DA:335,0
DA:341,43
DA:342,43
DA:345,43
DA:346,0
DA:347,0
DA:348,0
DA:349,0
DA:350,0
DA:351,0
DA:352,0
DA:354,0
DA:355,0
DA:356,0
DA:359,0
DA:361,0
DA:362,0
DA:364,0
DA:365,0
DA:366,0
DA:367,0
DA:368,0
DA:371,43
DA:375,43
DA:376,0
DA:377,0
DA:378,0
DA:379,0
DA:380,0
DA:381,0
DA:382,0
DA:384,0
DA:385,0
DA:386,0
DA:389,0
DA:391,0
DA:392,0
DA:394,0
DA:395,0
DA:396,0
DA:397,0
DA:400,43
DA:407,43
DA:408,43
DA:411,40
DA:412,40
DA:413,40
DA:414,40
DA:421,0
DA:422,0
DA:423,0
DA:431,0
DA:432,0
DA:433,0
DA:434,0
DA:435,0
DA:436,0
DA:445,0
DA:449,0
DA:450,0
DA:451,0
DA:452,0
DA:453,0
DA:454,0
DA:455,0
DA:456,0
DA:457,0
DA:458,0
DA:459,0
DA:460,0
DA:461,0
DA:462,0
DA:463,0
DA:464,0
DA:465,0
DA:466,0
DA:467,0
DA:468,0
DA:469,0
DA:470,0
DA:478,0
DA:480,0
DA:481,0
DA:482,0
DA:483,0
DA:484,0
DA:485,0
DA:487,0
DA:491,0
DA:492,0
DA:493,0
DA:494,0
DA:500,0
DA:501,0
DA:502,0
DA:508,39
DA:509,39
DA:512,39
DA:513,0
DA:514,39
DA:517,39
DA:518,0
DA:519,0
DA:520,39
DA:524,39
DA:525,39
DA:526,39
DA:527,39
DA:530,39
DA:531,0
DA:532,39
DA:533,39
DA:534,0
DA:535,39
DA:536,39
DA:537,0
DA:538,39
DA:540,39
DA:541,39
DA:542,39
DA:549,0
DA:550,0
DA:551,0
DA:552,0
DA:559,60
DA:560,60
DA:561,60
DA:562,60
DA:563,60
DA:564,60
DA:565,60
DA:568,60
DA:569,0
DA:570,0
DA:571,60
DA:574,60
DA:575,0
DA:576,0
DA:577,0
DA:580,0
DA:581,0
DA:582,0
DA:583,0
DA:584,0
DA:585,0
DA:586,0
DA:587,0
DA:588,0
DA:589,0
DA:591,60
DA:593,60
DA:594,60
BRF:0
BRH:0
LF:322
LH:117
end_of_record
SF:/Users/dbmrq/Documents/Programação/Misc/paperboat/src/app/orchestrator.rs
FN:84,_RNCNCNCNvMs_NtNtCs2XshHk0aCOj_9paperboat3app12orchestratorNtBc_3App18spawn_orchestrator000Be_
FN:343,_RNCNCNCNvMs_NtNtCs2XshHk0aCOj_9paperboat3app12orchestratorNtBc_3App33run_orchestrator_with_writer_impl000Be_
FN:591,_RNCNCNCNvMs_NtNtCs2XshHk0aCOj_9paperboat3app12orchestratorNtBc_3App33run_orchestrator_with_writer_impl00s4_0Be_
FN:625,_RNCNCNCNvMs_NtNtCs2XshHk0aCOj_9paperboat3app12orchestratorNtBc_3App33run_orchestrator_with_writer_impl00s5_0Be_
FN:868,_RNCNCNvMs_NtNtCs2XshHk0aCOj_9paperboat3app12orchestratorNtBa_3App17handle_list_tasks00Bc_
FN:990,_RNCNCNvMs_NtNtCs2XshHk0aCOj_9paperboat3app12orchestratorNtBa_3App17handle_skip_tasks00Bc_
FN:746,_RNCNCNvMs_NtNtCs2XshHk0aCOj_9paperboat3app12orchestratorNtBa_3App24resolve_task_description00Bc_
FN:757,_RNCNCNvMs_NtNtCs2XshHk0aCOj_9paperboat3app12orchestratorNtBa_3App24resolve_task_description0s0_0Bc_
FN:754,_RNCNCNvMs_NtNtCs2XshHk0aCOj_9paperboat3app12orchestratorNtBa_3App24resolve_task_description0s_0Bc_
FN:1090,_RNCNCNvMs_NtNtCs2XshHk0aCOj_9paperboat3app12orchestratorNtBa_3App25check_completion_blockers00Bc_
FN:1106,_RNCNCNvMs_NtNtCs2XshHk0aCOj_9paperboat3app12orchestratorNtBa_3App25check_completion_blockers0s0_0Bc_
FN:1091,_RNCNCNvMs_NtNtCs2XshHk0aCOj_9paperboat3app12orchestratorNtBa_3App25check_completion_blockers0s_0Bc_
FN:1191,_RNCNCNvMs_NtNtCs2XshHk0aCOj_9paperboat3app12orchestratorNtBa_3App26process_sequential_results00Bc_
FN:1215,_RNCNCNvMs_NtNtCs2XshHk0aCOj_9paperboat3app12orchestratorNtBa_3App26process_sequential_results0s0_0Bc_
FN:1192,_RNCNCNvMs_NtNtCs2XshHk0aCOj_9paperboat3app12orchestratorNtBa_3App26process_sequential_results0s_0Bc_
FN:262,_RNCNCNvMs_NtNtCs2XshHk0aCOj_9paperboat3app12orchestratorNtBa_3App38create_orchestrator_session_with_retry00Bc_
FN:722,_RNCNvMs_NtNtCs2XshHk0aCOj_9paperboat3app12orchestratorNtB8_3App14get_task_state0Ba_
FN:851,_RNCNvMs_NtNtCs2XshHk0aCOj_9paperboat3app12orchestratorNtB8_3App17handle_list_tasks0Ba_
FN:957,_RNCNvMs_NtNtCs2XshHk0aCOj_9paperboat3app12orchestratorNtB8_3App17handle_skip_tasks0Ba_
FN:809,_RNCNvMs_NtNtCs2XshHk0aCOj_9paperboat3app12orchestratorNtB8_3App18handle_create_task0Ba_
FN:72,_RNCNvMs_NtNtCs2XshHk0aCOj_9paperboat3app12orchestratorNtB8_3App18spawn_orchestrator0Ba_
FN:742,_RNCNvMs_NtNtCs2XshHk0aCOj_9paperboat3app12orchestratorNtB8_3App24resolve_task_description0Ba_
FN:1083,_RNCNvMs_NtNtCs2XshHk0aCOj_9paperboat3app12orchestratorNtB8_3App25check_completion_blockers0Ba_
FN:768,_RNCNvMs_NtNtCs2XshHk0aCOj_9paperboat3app12orchestratorNtB8_3App25resolve_task_id_for_agent0Ba_
FN:922,_RNCNvMs_NtNtCs2XshHk0aCOj_9paperboat3app12orchestratorNtB8_3App26handle_report_human_action0Ba_
FN:1141,_RNCNvMs_NtNtCs2XshHk0aCOj_9paperboat3app12orchestratorNtB8_3App26process_concurrent_results0Ba_
FN:1190,_RNCNvMs_NtNtCs2XshHk0aCOj_9paperboat3app12orchestratorNtB8_3App26process_sequential_results0Ba_
FN:275,_RNCNvMs_NtNtCs2XshHk0aCOj_9paperboat3app12orchestratorNtB8_3App28run_orchestrator_with_writer0Ba_
FN:284,_RNCNvMs_NtNtCs2XshHk0aCOj_9paperboat3app12orchestratorNtB8_3App33run_orchestrator_with_writer_impl0Ba_
FN:177,_RNCNvMs_NtNtCs2XshHk0aCOj_9paperboat3app12orchestratorNtB8_3App38create_orchestrator_session_with_retry0Ba_
FN:62,_RNvMNtNtCs2XshHk0aCOj_9paperboat3app12orchestratorNtB2_19OrchestratorSession12take_tool_rx
FN:722,_RNvMs_NtNtCs2XshHk0aCOj_9paperboat3app12orchestratorNtB6_3App14get_task_state
FN:846,_RNvMs_NtNtCs2XshHk0aCOj_9paperboat3app12orchestratorNtB6_3App17handle_list_tasks
FN:951,_RNvMs_NtNtCs2XshHk0aCOj_9paperboat3app12orchestratorNtB6_3App17handle_skip_tasks
FN:802,_RNvMs_NtNtCs2XshHk0aCOj_9paperboat3app12orchestratorNtB6_3App18handle_create_task
FN:72,_RNvMs_NtNtCs2XshHk0aCOj_9paperboat3app12orchestratorNtB6_3App18spawn_orchestrator
FN:1122,_RNvMs_NtNtCs2XshHk0aCOj_9paperboat3app12orchestratorNtB6_3App20validate_agent_specs
FN:738,_RNvMs_NtNtCs2XshHk0aCOj_9paperboat3app12orchestratorNtB6_3App24resolve_task_description
FN:1083,_RNvMs_NtNtCs2XshHk0aCOj_9paperboat3app12orchestratorNtB6_3App25check_completion_blockers
FN:768,_RNvMs_NtNtCs2XshHk0aCOj_9paperboat3app12orchestratorNtB6_3App25resolve_task_id_for_agent
FN:916,_RNvMs_NtNtCs2XshHk0aCOj_9paperboat3app12orchestratorNtB6_3App26handle_report_human_action
FN:1138,_RNvMs_NtNtCs2XshHk0aCOj_9paperboat3app12orchestratorNtB6_3App26process_concurrent_results
FN:1186,_RNvMs_NtNtCs2XshHk0aCOj_9paperboat3app12orchestratorNtB6_3App26process_sequential_results
FN:1229,_RNvMs_NtNtCs2XshHk0aCOj_9paperboat3app12orchestratorNtB6_3App26resolve_orchestrator_model
FN:270,_RNvMs_NtNtCs2XshHk0aCOj_9paperboat3app12orchestratorNtB6_3App28run_orchestrator_with_writer
FN:280,_RNvMs_NtNtCs2XshHk0aCOj_9paperboat3app12orchestratorNtB6_3App33run_orchestrator_with_writer_impl
FN:173,_RNvMs_NtNtCs2XshHk0aCOj_9paperboat3app12orchestratorNtB6_3App38create_orchestrator_session_with_retry
FNDA:0,_RNCNCNCNvMs_NtNtCs2XshHk0aCOj_9paperboat3app12orchestratorNtBc_3App18spawn_orchestrator000Be_
FNDA:329,_RNCNCNCNvMs_NtNtCs2XshHk0aCOj_9paperboat3app12orchestratorNtBc_3App33run_orchestrator_with_writer_impl000Be_
FNDA:45,_RNCNCNCNvMs_NtNtCs2XshHk0aCOj_9paperboat3app12orchestratorNtBc_3App33run_orchestrator_with_writer_impl00s4_0Be_
FNDA:0,_RNCNCNCNvMs_NtNtCs2XshHk0aCOj_9paperboat3app12orchestratorNtBc_3App33run_orchestrator_with_writer_impl00s5_0Be_
FNDA:0,_RNCNCNvMs_NtNtCs2XshHk0aCOj_9paperboat3app12orchestratorNtBa_3App17handle_list_tasks00Bc_
FNDA:1,_RNCNCNvMs_NtNtCs2XshHk0aCOj_9paperboat3app12orchestratorNtBa_3App17handle_skip_tasks00Bc_
FNDA:0,_RNCNCNvMs_NtNtCs2XshHk0aCOj_9paperboat3app12orchestratorNtBa_3App24resolve_task_description00Bc_
FNDA:0,_RNCNCNvMs_NtNtCs2XshHk0aCOj_9paperboat3app12orchestratorNtBa_3App24resolve_task_description0s0_0Bc_
FNDA:6,_RNCNCNvMs_NtNtCs2XshHk0aCOj_9paperboat3app12orchestratorNtBa_3App24resolve_task_description0s_0Bc_
FNDA:83,_RNCNCNvMs_NtNtCs2XshHk0aCOj_9paperboat3app12orchestratorNtBa_3App25check_completion_blockers00Bc_
FNDA:3,_RNCNCNvMs_NtNtCs2XshHk0aCOj_9paperboat3app12orchestratorNtBa_3App25check_completion_blockers0s0_0Bc_
FNDA:3,_RNCNCNvMs_NtNtCs2XshHk0aCOj_9paperboat3app12orchestratorNtBa_3App25check_completion_blockers0s_0Bc_
FNDA:65,_RNCNCNvMs_NtNtCs2XshHk0aCOj_9paperboat3app12orchestratorNtBa_3App26process_sequential_results00Bc_
FNDA:120,_RNCNCNvMs_NtNtCs2XshHk0aCOj_9paperboat3app12orchestratorNtBa_3App26process_sequential_results0s0_0Bc_
FNDA:65,_RNCNCNvMs_NtNtCs2XshHk0aCOj_9paperboat3app12orchestratorNtBa_3App26process_sequential_results0s_0Bc_
FNDA:0,_RNCNCNvMs_NtNtCs2XshHk0aCOj_9paperboat3app12orchestratorNtBa_3App38create_orchestrator_session_with_retry00Bc_
FNDA:95,_RNCNvMs_NtNtCs2XshHk0aCOj_9paperboat3app12orchestratorNtB8_3App14get_task_state0Ba_
FNDA:0,_RNCNvMs_NtNtCs2XshHk0aCOj_9paperboat3app12orchestratorNtB8_3App17handle_list_tasks0Ba_
FNDA:35,_RNCNvMs_NtNtCs2XshHk0aCOj_9paperboat3app12orchestratorNtB8_3App17handle_skip_tasks0Ba_
FNDA:0,_RNCNvMs_NtNtCs2XshHk0aCOj_9paperboat3app12orchestratorNtB8_3App18handle_create_task0Ba_
FNDA:46,_RNCNvMs_NtNtCs2XshHk0aCOj_9paperboat3app12orchestratorNtB8_3App18spawn_orchestrator0Ba_
FNDA:69,_RNCNvMs_NtNtCs2XshHk0aCOj_9paperboat3app12orchestratorNtB8_3App24resolve_task_description0Ba_
FNDA:44,_RNCNvMs_NtNtCs2XshHk0aCOj_9paperboat3app12orchestratorNtB8_3App25check_completion_blockers0Ba_
FNDA:65,_RNCNvMs_NtNtCs2XshHk0aCOj_9paperboat3app12orchestratorNtB8_3App25resolve_task_id_for_agent0Ba_
FNDA:0,_RNCNvMs_NtNtCs2XshHk0aCOj_9paperboat3app12orchestratorNtB8_3App26handle_report_human_action0Ba_
FNDA:0,_RNCNvMs_NtNtCs2XshHk0aCOj_9paperboat3app12orchestratorNtB8_3App26process_concurrent_results0Ba_
FNDA:60,_RNCNvMs_NtNtCs2XshHk0aCOj_9paperboat3app12orchestratorNtB8_3App26process_sequential_results0Ba_
FNDA:46,_RNCNvMs_NtNtCs2XshHk0aCOj_9paperboat3app12orchestratorNtB8_3App28run_orchestrator_with_writer0Ba_
FNDA:46,_RNCNvMs_NtNtCs2XshHk0aCOj_9paperboat3app12orchestratorNtB8_3App33run_orchestrator_with_writer_impl0Ba_
FNDA:46,_RNCNvMs_NtNtCs2XshHk0aCOj_9paperboat3app12orchestratorNtB8_3App38create_orchestrator_session_with_retry0Ba_
FNDA:46,_RNvMNtNtCs2XshHk0aCOj_9paperboat3app12orchestratorNtB2_19OrchestratorSession12take_tool_rx
FNDA:95,_RNvMs_NtNtCs2XshHk0aCOj_9paperboat3app12orchestratorNtB6_3App14get_task_state
FNDA:0,_RNvMs_NtNtCs2XshHk0aCOj_9paperboat3app12orchestratorNtB6_3App17handle_list_tasks
FNDA:35,_RNvMs_NtNtCs2XshHk0aCOj_9paperboat3app12orchestratorNtB6_3App17handle_skip_tasks
FNDA:0,_RNvMs_NtNtCs2XshHk0aCOj_9paperboat3app12orchestratorNtB6_3App18handle_create_task
FNDA:46,_RNvMs_NtNtCs2XshHk0aCOj_9paperboat3app12orchestratorNtB6_3App18spawn_orchestrator
FNDA:60,_RNvMs_NtNtCs2XshHk0aCOj_9paperboat3app12orchestratorNtB6_3App20validate_agent_specs
FNDA:69,_RNvMs_NtNtCs2XshHk0aCOj_9paperboat3app12orchestratorNtB6_3App24resolve_task_description
FNDA:44,_RNvMs_NtNtCs2XshHk0aCOj_9paperboat3app12orchestratorNtB6_3App25check_completion_blockers
FNDA:65,_RNvMs_NtNtCs2XshHk0aCOj_9paperboat3app12orchestratorNtB6_3App25resolve_task_id_for_agent
FNDA:0,_RNvMs_NtNtCs2XshHk0aCOj_9paperboat3app12orchestratorNtB6_3App26handle_report_human_action
FNDA:0,_RNvMs_NtNtCs2XshHk0aCOj_9paperboat3app12orchestratorNtB6_3App26process_concurrent_results
FNDA:60,_RNvMs_NtNtCs2XshHk0aCOj_9paperboat3app12orchestratorNtB6_3App26process_sequential_results
FNDA:46,_RNvMs_NtNtCs2XshHk0aCOj_9paperboat3app12orchestratorNtB6_3App26resolve_orchestrator_model
FNDA:46,_RNvMs_NtNtCs2XshHk0aCOj_9paperboat3app12orchestratorNtB6_3App28run_orchestrator_with_writer
FNDA:46,_RNvMs_NtNtCs2XshHk0aCOj_9paperboat3app12orchestratorNtB6_3App33run_orchestrator_with_writer_impl
FNDA:46,_RNvMs_NtNtCs2XshHk0aCOj_9paperboat3app12orchestratorNtB6_3App38create_orchestrator_session_with_retry
FNF:47
FNH:33
DA:62,46
DA:63,46
DA:64,46
DA:72,46
DA:84,0
DA:85,0
DA:86,0
DA:164,46
DA:173,46
DA:174,46
DA:175,46
DA:176,46
DA:177,46
DA:180,46
DA:181,46
DA:184,46
DA:186,46
DA:187,46
DA:188,46
DA:191,46
DA:195,46
DA:196,46
DA:197,46
DA:199,46
DA:200,46
DA:201,46
DA:202,0
DA:205,0
DA:208,46
DA:209,46
DA:211,0
DA:213,0
DA:214,0
DA:218,0
DA:219,0
DA:220,0
DA:222,0
DA:223,0
DA:225,0
DA:226,0
DA:229,0
DA:234,0
DA:237,0
DA:238,0
DA:239,0
DA:240,0
DA:243,0
DA:244,0
DA:246,0
DA:248,0
DA:251,0
DA:261,0
DA:262,0
DA:263,0
DA:267,46
DA:270,46
DA:271,46
DA:272,46
DA:273,46
DA:274,46
DA:275,46
DA:276,46
DA:280,46
DA:281,46
DA:282,46
DA:283,46
DA:284,46
DA:343,329
DA:344,329
DA:345,0
DA:346,329
DA:348,0
DA:591,45
DA:625,0
DA:715,43
DA:722,95
DA:723,95
DA:724,95
DA:725,95
DA:726,95
DA:728,95
DA:729,95
DA:730,95
DA:731,95
DA:732,95
DA:733,95
DA:738,69
DA:739,69
DA:740,69
DA:741,69
DA:742,69
DA:743,69
DA:744,6
DA:745,6
DA:746,0
DA:747,0
DA:750,0
DA:752,0
DA:753,0
DA:754,6
DA:757,63
DA:759,69
DA:768,65
DA:770,65
DA:771,6
DA:772,6
DA:773,6
DA:774,0
DA:775,0
DA:778,0
DA:780,0
DA:781,59
DA:784,59
DA:785,59
DA:786,59
DA:787,18
DA:790,0
DA:792,18
DA:793,41
DA:794,0
DA:796,41
DA:797,65
DA:802,0
DA:803,0
DA:804,0
DA:805,0
DA:806,0
DA:807,0
DA:808,0
DA:809,0
DA:810,0
DA:811,0
DA:813,0
DA:814,0
DA:815,0
DA:818,0
DA:825,0
DA:827,0
DA:828,0
DA:829,0
DA:834,0
DA:836,0
DA:837,0
DA:838,0
DA:840,0
DA:841,0
DA:846,0
DA:847,0
DA:848,0
DA:849,0
DA:850,0
DA:851,0
DA:854,0
DA:855,0
DA:856,0
DA:857,0
DA:858,0
DA:859,0
DA:861,0
DA:862,0
DA:863,0
DA:866,0
DA:867,0
DA:868,0
DA:869,0
DA:870,0
DA:871,0
DA:872,0
DA:873,0
DA:874,0
DA:875,0
DA:876,0
DA:879,0
DA:880,0
DA:882,0
DA:885,0
DA:886,0
DA:887,0
DA:888,0
DA:889,0
DA:890,0
DA:891,0
DA:893,0
DA:898,0
DA:901,0
DA:902,0
DA:903,0
DA:904,0
DA:906,0
DA:908,0
DA:910,0
DA:911,0
DA:916,0
DA:917,0
DA:918,0
DA:919,0
DA:920,0
DA:921,0
DA:922,0
DA:923,0
DA:924,0
DA:925,0
DA:926,0
DA:927,0
DA:928,0
DA:932,0
DA:933,0
DA:936,0
DA:937,0
DA:938,0
DA:939,0
DA:941,0
DA:942,0
DA:943,0
DA:945,0
DA:946,0
DA:951,35
DA:952,35
DA:953,35
DA:954,35
DA:955,35
DA:956,35
DA:957,35
DA:960,35
DA:961,35
DA:962,35
DA:963,35
DA:964,35
DA:965,35
DA:966,35
DA:974,35
DA:975,35
DA:979,35
DA:980,62
DA:981,62
DA:982,62
DA:983,62
DA:985,62
DA:987,55
DA:988,55
DA:989,55
DA:990,55
DA:992,55
DA:993,55
DA:998,55
DA:1001,0
DA:1004,0
DA:1005,0
DA:1008,7
DA:1011,7
DA:1012,7
DA:1017,0
DA:1025,0
DA:1026,0
DA:1027,0
DA:1031,0
DA:1032,0
DA:1033,0
DA:1038,35
DA:1039,35
DA:1041,35
DA:1042,29
DA:1045,29
DA:1047,29
DA:1048,29
DA:1049,29
DA:1050,29
DA:1051,29
DA:1052,6
DA:1053,0
DA:1056,0
DA:1057,0
DA:1059,0
DA:1060,0
DA:1061,0
DA:1062,0
DA:1063,0
DA:1065,6
DA:1066,6
DA:1067,6
DA:1068,6
DA:1069,6
DA:1070,6
DA:1073,35
DA:1074,35
DA:1075,35
DA:1077,35
DA:1078,35
DA:1083,44
DA:1086,44
DA:1087,44
DA:1088,44
DA:1089,44
DA:1090,83
DA:1091,44
DA:1092,44
DA:1095,44
DA:1096,42
DA:1097,2
DA:1099,2
DA:1101,0
DA:1104,2
DA:1105,2
DA:1106,3
DA:1107,2
DA:1109,2
DA:1110,2
DA:1111,2
DA:1112,2
DA:1113,2
DA:1114,2
DA:1115,2
DA:1116,2
DA:1117,44
DA:1122,60
DA:1123,65
DA:1124,65
DA:1125,65
DA:1126,0
DA:1127,65
DA:1128,65
DA:1129,0
DA:1130,65
DA:1132,60
DA:1133,60
DA:1138,0
DA:1139,0
DA:1140,0
DA:1141,0
DA:1142,0
DA:1143,0
DA:1144,0
DA:1146,0
DA:1147,0
DA:1148,0
DA:1149,0
DA:1150,0
DA:1151,0
DA:1153,0
DA:1154,0
DA:1155,0
DA:1157,0
DA:1160,0
DA:1161,0
DA:1162,0
DA:1165,0
DA:1168,0
DA:1171,0
DA:1172,0
DA:1176,0
DA:1177,0
DA:1178,0
DA:1180,0
DA:1181,0
DA:1186,60
DA:1187,60
DA:1188,60
DA:1189,60
DA:1190,60
DA:1191,65
DA:1192,65
DA:1193,60
DA:1195,60
DA:1196,59
DA:1202,1
DA:1206,0
DA:1211,60
DA:1212,60
DA:1213,60
DA:1214,60
DA:1215,120
DA:1216,60
DA:1219,60
DA:1220,60
DA:1221,60
DA:1223,60
DA:1224,60
DA:1229,46
DA:1231,46
DA:1232,46
DA:1233,46
DA:1234,46
DA:1238,46
DA:1239,46
DA:1240,46
BRF:0
BRH:0
LF:409
LH:214
end_of_record
SF:/Users/dbmrq/Documents/Programação/Misc/paperboat/src/app/orchestrator_acp.rs
FN:266,_RNCNCNvXs_NtNtNtCs2XshHk0aCOj_9paperboat3app16orchestrator_acp5testsNtB8_14QueueTransportNtNtNtBe_7backend9transport14AgentTransport4recv00Be_
FN:275,_RNCNvNtNtNtCs2XshHk0aCOj_9paperboat3app16orchestrator_acp5testss_61drain_orchestrator_messages_stops_after_cross_session_message0B9_
FN:127,_RNCNCNvMNtNtCs2XshHk0aCOj_9paperboat3app16orchestrator_acpNtB8_3App27drain_orchestrator_messages00Ba_
FN:143,_RNCNCNvMNtNtCs2XshHk0aCOj_9paperboat3app16orchestrator_acpNtB8_3App27drain_orchestrator_messages0s0_0Ba_
FN:168,_RNCNCNvMNtNtCs2XshHk0aCOj_9paperboat3app16orchestrator_acpNtB8_3App27drain_orchestrator_messages0s1_0Ba_
FN:169,_RNCNCNvMNtNtCs2XshHk0aCOj_9paperboat3app16orchestrator_acpNtB8_3App27drain_orchestrator_messages0s2_0Ba_
FN:184,_RNCNCNvMNtNtCs2XshHk0aCOj_9paperboat3app16orchestrator_acpNtB8_3App27drain_orchestrator_messages0s3_0Ba_
FN:185,_RNCNCNvMNtNtCs2XshHk0aCOj_9paperboat3app16orchestrator_acpNtB8_3App27drain_orchestrator_messages0s4_0Ba_
FN:142,_RNCNCNvMNtNtCs2XshHk0aCOj_9paperboat3app16orchestrator_acpNtB8_3App27drain_orchestrator_messages0s_0Ba_
FN:13,_RNCNCNvMNtNtCs2XshHk0aCOj_9paperboat3app16orchestrator_acpNtB8_3App30handle_acp_message_with_writer00Ba_
FN:34,_RNCNCNvMNtNtCs2XshHk0aCOj_9paperboat3app16orchestrator_acpNtB8_3App30handle_acp_message_with_writer0s0_0Ba_
FN:44,_RNCNCNvMNtNtCs2XshHk0aCOj_9paperboat3app16orchestrator_acpNtB8_3App30handle_acp_message_with_writer0s1_0Ba_
FN:45,_RNCNCNvMNtNtCs2XshHk0aCOj_9paperboat3app16orchestrator_acpNtB8_3App30handle_acp_message_with_writer0s2_0Ba_
FN:55,_RNCNCNvMNtNtCs2XshHk0aCOj_9paperboat3app16orchestrator_acpNtB8_3App30handle_acp_message_with_writer0s3_0Ba_
FN:63,_RNCNCNvMNtNtCs2XshHk0aCOj_9paperboat3app16orchestrator_acpNtB8_3App30handle_acp_message_with_writer0s4_0Ba_
FN:71,_RNCNCNvMNtNtCs2XshHk0aCOj_9paperboat3app16orchestrator_acpNtB8_3App30handle_acp_message_with_writer0s5_0Ba_
FN:72,_RNCNCNvMNtNtCs2XshHk0aCOj_9paperboat3app16orchestrator_acpNtB8_3App30handle_acp_message_with_writer0s6_0Ba_
FN:86,_RNCNCNvMNtNtCs2XshHk0aCOj_9paperboat3app16orchestrator_acpNtB8_3App30handle_acp_message_with_writer0s7_0Ba_
FN:90,_RNCNCNvMNtNtCs2XshHk0aCOj_9paperboat3app16orchestrator_acpNtB8_3App30handle_acp_message_with_writer0s8_0Ba_
FN:91,_RNCNCNvMNtNtCs2XshHk0aCOj_9paperboat3app16orchestrator_acpNtB8_3App30handle_acp_message_with_writer0s9_0Ba_
FN:33,_RNCNCNvMNtNtCs2XshHk0aCOj_9paperboat3app16orchestrator_acpNtB8_3App30handle_acp_message_with_writer0s_0Ba_
FN:123,_RNCNvMNtNtCs2XshHk0aCOj_9paperboat3app16orchestrator_acpNtB6_3App27drain_orchestrator_messages0B8_
FN:12,_RNCNvMNtNtCs2XshHk0aCOj_9paperboat3app16orchestrator_acpNtB6_3App30handle_acp_message_with_writer0B8_
FN:223,_RNvMNtNtNtCs2XshHk0aCOj_9paperboat3app16orchestrator_acp5testsNtB2_14QueueTransport3new
FN:270,_RNvNtNtNtCs2XshHk0aCOj_9paperboat3app16orchestrator_acp5tests17test_model_config
FN:275,_RNvNtNtNtCs2XshHk0aCOj_9paperboat3app16orchestrator_acp5testss_61drain_orchestrator_messages_stops_after_cross_session_message
FN:232,_RNvXs_NtNtNtCs2XshHk0aCOj_9paperboat3app16orchestrator_acp5testsNtB4_14QueueTransportNtNtNtBa_7backend9transport14AgentTransport10initialize
FN:240,_RNvXs_NtNtNtCs2XshHk0aCOj_9paperboat3app16orchestrator_acp5testsNtB4_14QueueTransportNtNtNtBa_7backend9transport14AgentTransport11send_prompt
FN:236,_RNvXs_NtNtNtCs2XshHk0aCOj_9paperboat3app16orchestrator_acp5testsNtB4_14QueueTransportNtNtNtBa_7backend9transport14AgentTransport14create_session
FN:253,_RNvXs_NtNtNtCs2XshHk0aCOj_9paperboat3app16orchestrator_acp5testsNtB4_14QueueTransportNtNtNtBa_7backend9transport14AgentTransport15respond_to_tool
FN:244,_RNvXs_NtNtNtCs2XshHk0aCOj_9paperboat3app16orchestrator_acp5testsNtB4_14QueueTransportNtNtNtBa_7backend9transport14AgentTransport18take_notifications
FN:261,_RNvXs_NtNtNtCs2XshHk0aCOj_9paperboat3app16orchestrator_acp5testsNtB4_14QueueTransportNtNtNtBa_7backend9transport14AgentTransport4recv
FN:257,_RNvXs_NtNtNtCs2XshHk0aCOj_9paperboat3app16orchestrator_acp5testsNtB4_14QueueTransportNtNtNtBa_7backend9transport14AgentTransport8shutdown
FN:119,_RNvMNtNtCs2XshHk0aCOj_9paperboat3app16orchestrator_acpNtB4_3App27drain_orchestrator_messages
FN:8,_RNvMNtNtCs2XshHk0aCOj_9paperboat3app16orchestrator_acpNtB4_3App30handle_acp_message_with_writer
FNDA:0,_RNCNCNvXs_NtNtNtCs2XshHk0aCOj_9paperboat3app16orchestrator_acp5testsNtB8_14QueueTransportNtNtNtBe_7backend9transport14AgentTransport4recv00Be_
[...]
FN:414,_RNCNvNtNtNtNtCs2XshHk0aCOj_9paperboat3tui7widgets11task_detail5testss_44test_build_task_detail_lines_contains_status0Bb_
FN:487,_RNCNvNtNtNtNtCs2XshHk0aCOj_9paperboat3tui7widgets11task_detail5testss_44test_build_task_detail_lines_no_dependencies0Bb_
FN:458,_RNCNvNtNtNtNtCs2XshHk0aCOj_9paperboat3tui7widgets11task_detail5testss_46test_build_task_detail_lines_empty_description0Bb_
FN:472,_RNCNvNtNtNtNtCs2XshHk0aCOj_9paperboat3tui7widgets11task_detail5testss_46test_build_task_detail_lines_with_dependencies0Bb_
FN:443,_RNCNvNtNtNtNtCs2XshHk0aCOj_9paperboat3tui7widgets11task_detail5testss_49test_build_task_detail_lines_contains_description0Bb_
FN:24,_RNvNtNtNtCs2XshHk0aCOj_9paperboat3tui7widgets11task_detail12status_color
FN:37,_RNvNtNtNtCs2XshHk0aCOj_9paperboat3tui7widgets11task_detail13status_symbol
FN:155,_RNvNtNtNtCs2XshHk0aCOj_9paperboat3tui7widgets11task_detail18render_task_detail
FN:229,_RNvNtNtNtCs2XshHk0aCOj_9paperboat3tui7widgets11task_detail22handle_task_detail_key
FN:56,_RNvNtNtNtCs2XshHk0aCOj_9paperboat3tui7widgets11task_detail23build_task_detail_lines
FN:240,_RNCNvNtNtNtCs2XshHk0aCOj_9paperboat3tui7widgets11task_detail22handle_task_detail_key0B9_
FN:267,_RNvNtNtNtNtCs2XshHk0aCOj_9paperboat3tui7widgets11task_detail5tests16create_test_task
FN:278,_RNvNtNtNtNtCs2XshHk0aCOj_9paperboat3tui7widgets11task_detail5tests28render_task_detail_to_string
FN:307,_RNvNtNtNtNtCs2XshHk0aCOj_9paperboat3tui7widgets11task_detail5testss_24test_status_color_failed
FN:327,_RNvNtNtNtNtCs2XshHk0aCOj_9paperboat3tui7widgets11task_detail5testss_25test_status_color_blocked
FN:312,_RNvNtNtNtNtCs2XshHk0aCOj_9paperboat3tui7widgets11task_detail5testss_25test_status_color_pending
FN:322,_RNvNtNtNtNtCs2XshHk0aCOj_9paperboat3tui7widgets11task_detail5testss_25test_status_color_skipped
FN:332,_RNvNtNtNtNtCs2XshHk0aCOj_9paperboat3tui7widgets11task_detail5testss_25test_status_color_unknown
FN:351,_RNvNtNtNtNtCs2XshHk0aCOj_9paperboat3tui7widgets11task_detail5testss_25test_status_symbol_failed
FN:366,_RNvNtNtNtNtCs2XshHk0aCOj_9paperboat3tui7widgets11task_detail5testss_26test_status_symbol_blocked
FN:356,_RNvNtNtNtNtCs2XshHk0aCOj_9paperboat3tui7widgets11task_detail5testss_26test_status_symbol_pending
FN:371,_RNvNtNtNtNtCs2XshHk0aCOj_9paperboat3tui7widgets11task_detail5testss_26test_status_symbol_unknown
FN:317,_RNvNtNtNtNtCs2XshHk0aCOj_9paperboat3tui7widgets11task_detail5testss_27test_status_color_cancelled
FN:297,_RNvNtNtNtNtCs2XshHk0aCOj_9paperboat3tui7widgets11task_detail5testss_27test_status_color_completed
FN:361,_RNvNtNtNtNtCs2XshHk0aCOj_9paperboat3tui7widgets11task_detail5testss_28test_status_symbol_cancelled
FN:341,_RNvNtNtNtNtCs2XshHk0aCOj_9paperboat3tui7widgets11task_detail5testss_28test_status_symbol_completed
FN:302,_RNvNtNtNtNtCs2XshHk0aCOj_9paperboat3tui7widgets11task_detail5testss_29test_status_color_in_progress
FN:346,_RNvNtNtNtNtCs2XshHk0aCOj_9paperboat3tui7widgets11task_detail5testss_30test_status_symbol_in_progress
FN:584,_RNvNtNtNtNtCs2XshHk0aCOj_9paperboat3tui7widgets11task_detail5testss_35test_handle_task_detail_key_page_up
FN:609,_RNvNtNtNtNtCs2XshHk0aCOj_9paperboat3tui7widgets11task_detail5testss_37test_handle_task_detail_key_page_down
FN:562,_RNvNtNtNtNtCs2XshHk0aCOj_9paperboat3tui7widgets11task_detail5testss_37test_render_task_detail_clamps_scroll
FN:499,_RNvNtNtNtNtCs2XshHk0aCOj_9paperboat3tui7widgets11task_detail5testss_39test_render_task_detail_shows_task_info
FN:380,_RNvNtNtNtNtCs2XshHk0aCOj_9paperboat3tui7widgets11task_detail5testss_40test_build_task_detail_lines_contains_id
FN:635,_RNvNtNtNtNtCs2XshHk0aCOj_9paperboat3tui7widgets11task_detail5testss_40test_handle_task_detail_key_unrecognized
FN:394,_RNvNtNtNtNtCs2XshHk0aCOj_9paperboat3tui7widgets11task_detail5testss_42test_build_task_detail_lines_contains_name
FN:422,_RNvNtNtNtNtCs2XshHk0aCOj_9paperboat3tui7widgets11task_detail5testss_43test_build_task_detail_lines_contains_depth
FN:408,_RNvNtNtNtNtCs2XshHk0aCOj_9paperboat3tui7widgets11task_detail5testss_44test_build_task_detail_lines_contains_status
FN:481,_RNvNtNtNtNtCs2XshHk0aCOj_9paperboat3tui7widgets11task_detail5testss_44test_build_task_detail_lines_no_dependencies
FN:648,_RNvNtNtNtNtCs2XshHk0aCOj_9paperboat3tui7widgets11task_detail5testss_44test_handle_task_detail_key_no_task_selected
FN:512,_RNvNtNtNtNtCs2XshHk0aCOj_9paperboat3tui7widgets11task_detail5testss_44test_render_task_detail_focused_vs_unfocused
FN:451,_RNvNtNtNtNtCs2XshHk0aCOj_9paperboat3tui7widgets11task_detail5testss_46test_build_task_detail_lines_empty_description
FN:465,_RNvNtNtNtNtCs2XshHk0aCOj_9paperboat3tui7widgets11task_detail5testss_46test_build_task_detail_lines_with_dependencies
FN:437,_RNvNtNtNtNtCs2XshHk0aCOj_9paperboat3tui7widgets11task_detail5testss_49test_build_task_detail_lines_contains_description
FN:526,_RNvNtNtNtNtCs2XshHk0aCOj_9paperboat3tui7widgets11task_detail5testss_52test_render_task_detail_resets_scroll_on_task_change
FN:542,_RNvNtNtNtNtCs2XshHk0aCOj_9paperboat3tui7widgets11task_detail5testss_53test_render_task_detail_preserves_scroll_on_same_task
FNDA:15,_RNCNCNvNtNtNtNtCs2XshHk0aCOj_9paperboat3tui7widgets11task_detail5testss_40test_build_task_detail_lines_contains_id00Bd_
FNDA:15,_RNCNCNvNtNtNtNtCs2XshHk0aCOj_9paperboat3tui7widgets11task_detail5testss_42test_build_task_detail_lines_contains_name00Bd_
FNDA:15,_RNCNCNvNtNtNtNtCs2XshHk0aCOj_9paperboat3tui7widgets11task_detail5testss_43test_build_task_detail_lines_contains_depth00Bd_
FNDA:15,_RNCNCNvNtNtNtNtCs2XshHk0aCOj_9paperboat3tui7widgets11task_detail5testss_44test_build_task_detail_lines_contains_status00Bd_
FNDA:15,_RNCNCNvNtNtNtNtCs2XshHk0aCOj_9paperboat3tui7widgets11task_detail5testss_44test_build_task_detail_lines_no_dependencies00Bd_
FNDA:15,_RNCNCNvNtNtNtNtCs2XshHk0aCOj_9paperboat3tui7widgets11task_detail5testss_46test_build_task_detail_lines_empty_description00Bd_
FNDA:18,_RNCNCNvNtNtNtNtCs2XshHk0aCOj_9paperboat3tui7widgets11task_detail5testss_46test_build_task_detail_lines_with_dependencies00Bd_
FNDA:15,_RNCNCNvNtNtNtNtCs2XshHk0aCOj_9paperboat3tui7widgets11task_detail5testss_49test_build_task_detail_lines_contains_description00Bd_
FNDA:7,_RNCNvNtNtNtNtCs2XshHk0aCOj_9paperboat3tui7widgets11task_detail5tests28render_task_detail_to_string0Bb_
FNDA:10,_RNCNvNtNtNtNtCs2XshHk0aCOj_9paperboat3tui7widgets11task_detail5testss_40test_build_task_detail_lines_contains_id0Bb_
FNDA:10,_RNCNvNtNtNtNtCs2XshHk0aCOj_9paperboat3tui7widgets11task_detail5testss_42test_build_task_detail_lines_contains_name0Bb_
FNDA:10,_RNCNvNtNtNtNtCs2XshHk0aCOj_9paperboat3tui7widgets11task_detail5testss_43test_build_task_detail_lines_contains_depth0Bb_
FNDA:10,_RNCNvNtNtNtNtCs2XshHk0aCOj_9paperboat3tui7widgets11task_detail5testss_44test_build_task_detail_lines_contains_status0Bb_
FNDA:10,_RNCNvNtNtNtNtCs2XshHk0aCOj_9paperboat3tui7widgets11task_detail5testss_44test_build_task_detail_lines_no_dependencies0Bb_
FNDA:10,_RNCNvNtNtNtNtCs2XshHk0aCOj_9paperboat3tui7widgets11task_detail5testss_46test_build_task_detail_lines_empty_description0Bb_
FNDA:11,_RNCNvNtNtNtNtCs2XshHk0aCOj_9paperboat3tui7widgets11task_detail5testss_46test_build_task_detail_lines_with_dependencies0Bb_
FNDA:10,_RNCNvNtNtNtNtCs2XshHk0aCOj_9paperboat3tui7widgets11task_detail5testss_49test_build_task_detail_lines_contains_description0Bb_
FNDA:26,_RNvNtNtNtCs2XshHk0aCOj_9paperboat3tui7widgets11task_detail12status_color
FNDA:25,_RNvNtNtNtCs2XshHk0aCOj_9paperboat3tui7widgets11task_detail13status_symbol
FNDA:7,_RNvNtNtNtCs2XshHk0aCOj_9paperboat3tui7widgets11task_detail18render_task_detail
FNDA:4,_RNvNtNtNtCs2XshHk0aCOj_9paperboat3tui7widgets11task_detail22handle_task_detail_key
FNDA:18,_RNvNtNtNtCs2XshHk0aCOj_9paperboat3tui7widgets11task_detail23build_task_detail_lines
FNDA:2,_RNCNvNtNtNtCs2XshHk0aCOj_9paperboat3tui7widgets11task_detail22handle_task_detail_key0B9_
FNDA:13,_RNvNtNtNtNtCs2XshHk0aCOj_9paperboat3tui7widgets11task_detail5tests16create_test_task
FNDA:7,_RNvNtNtNtNtCs2XshHk0aCOj_9paperboat3tui7widgets11task_detail5tests28render_task_detail_to_string
FNDA:1,_RNvNtNtNtNtCs2XshHk0aCOj_9paperboat3tui7widgets11task_detail5testss_24test_status_color_failed
FNDA:1,_RNvNtNtNtNtCs2XshHk0aCOj_9paperboat3tui7widgets11task_detail5testss_25test_status_color_blocked
FNDA:1,_RNvNtNtNtNtCs2XshHk0aCOj_9paperboat3tui7widgets11task_detail5testss_25test_status_color_pending
FNDA:1,_RNvNtNtNtNtCs2XshHk0aCOj_9paperboat3tui7widgets11task_detail5testss_25test_status_color_skipped
FNDA:1,_RNvNtNtNtNtCs2XshHk0aCOj_9paperboat3tui7widgets11task_detail5testss_25test_status_color_unknown
FNDA:1,_RNvNtNtNtNtCs2XshHk0aCOj_9paperboat3tui7widgets11task_detail5testss_25test_status_symbol_failed
FNDA:1,_RNvNtNtNtNtCs2XshHk0aCOj_9paperboat3tui7widgets11task_detail5testss_26test_status_symbol_blocked
FNDA:1,_RNvNtNtNtNtCs2XshHk0aCOj_9paperboat3tui7widgets11task_detail5testss_26test_status_symbol_pending
FNDA:1,_RNvNtNtNtNtCs2XshHk0aCOj_9paperboat3tui7widgets11task_detail5testss_26test_status_symbol_unknown
FNDA:1,_RNvNtNtNtNtCs2XshHk0aCOj_9paperboat3tui7widgets11task_detail5testss_27test_status_color_cancelled
FNDA:1,_RNvNtNtNtNtCs2XshHk0aCOj_9paperboat3tui7widgets11task_detail5testss_27test_status_color_completed
FNDA:1,_RNvNtNtNtNtCs2XshHk0aCOj_9paperboat3tui7widgets11task_detail5testss_28test_status_symbol_cancelled
FNDA:1,_RNvNtNtNtNtCs2XshHk0aCOj_9paperboat3tui7widgets11task_detail5testss_28test_status_symbol_completed
FNDA:1,_RNvNtNtNtNtCs2XshHk0aCOj_9paperboat3tui7widgets11task_detail5testss_29test_status_color_in_progress
FNDA:1,_RNvNtNtNtNtCs2XshHk0aCOj_9paperboat3tui7widgets11task_detail5testss_30test_status_symbol_in_progress
FNDA:1,_RNvNtNtNtNtCs2XshHk0aCOj_9paperboat3tui7widgets11task_detail5testss_35test_handle_task_detail_key_page_up
FNDA:1,_RNvNtNtNtNtCs2XshHk0aCOj_9paperboat3tui7widgets11task_detail5testss_37test_handle_task_detail_key_page_down
FNDA:1,_RNvNtNtNtNtCs2XshHk0aCOj_9paperboat3tui7widgets11task_detail5testss_37test_render_task_detail_clamps_scroll
FNDA:1,_RNvNtNtNtNtCs2XshHk0aCOj_9paperboat3tui7widgets11task_detail5testss_39test_render_task_detail_shows_task_info
FNDA:1,_RNvNtNtNtNtCs2XshHk0aCOj_9paperboat3tui7widgets11task_detail5testss_40test_build_task_detail_lines_contains_id
FNDA:1,_RNvNtNtNtNtCs2XshHk0aCOj_9paperboat3tui7widgets11task_detail5testss_40test_handle_task_detail_key_unrecognized
FNDA:1,_RNvNtNtNtNtCs2XshHk0aCOj_9paperboat3tui7widgets11task_detail5testss_42test_build_task_detail_lines_contains_name
FNDA:1,_RNvNtNtNtNtCs2XshHk0aCOj_9paperboat3tui7widgets11task_detail5testss_43test_build_task_detail_lines_contains_depth
FNDA:1,_RNvNtNtNtNtCs2XshHk0aCOj_9paperboat3tui7widgets11task_detail5testss_44test_build_task_detail_lines_contains_status
FNDA:1,_RNvNtNtNtNtCs2XshHk0aCOj_9paperboat3tui7widgets11task_detail5testss_44test_build_task_detail_lines_no_dependencies
FNDA:1,_RNvNtNtNtNtCs2XshHk0aCOj_9paperboat3tui7widgets11task_detail5testss_44test_handle_task_detail_key_no_task_selected
FNDA:1,_RNvNtNtNtNtCs2XshHk0aCOj_9paperboat3tui7widgets11task_detail5testss_44test_render_task_detail_focused_vs_unfocused
FNDA:1,_RNvNtNtNtNtCs2XshHk0aCOj_9paperboat3tui7widgets11task_detail5testss_46test_build_task_detail_lines_empty_description
FNDA:1,_RNvNtNtNtNtCs2XshHk0aCOj_9paperboat3tui7widgets11task_detail5testss_46test_build_task_detail_lines_with_dependencies
FNDA:1,_RNvNtNtNtNtCs2XshHk0aCOj_9paperboat3tui7widgets11task_detail5testss_49test_build_task_detail_lines_contains_description
FNDA:1,_RNvNtNtNtNtCs2XshHk0aCOj_9paperboat3tui7widgets11task_detail5testss_52test_render_task_detail_resets_scroll_on_task_change
FNDA:1,_RNvNtNtNtNtCs2XshHk0aCOj_9paperboat3tui7widgets11task_detail5testss_53test_render_task_detail_preserves_scroll_on_same_task
FNF:57
FNH:57
DA:24,26
DA:25,26
DA:26,26
DA:27,25
DA:28,24
DA:29,23
DA:30,21
DA:31,2
DA:32,1
DA:34,26
DA:37,25
DA:38,25
DA:39,25
DA:40,24
DA:41,23
DA:42,22
DA:43,21
DA:44,2
DA:45,1
DA:47,25
DA:56,18
DA:57,18
DA:60,18
DA:61,18
DA:62,18
DA:66,18
DA:67,18
DA:68,18
DA:72,18
DA:73,18
DA:74,18
DA:75,18
DA:76,18
DA:77,18
DA:78,18
DA:82,18
DA:83,18
DA:84,18
DA:85,18
DA:86,18
DA:87,18
DA:88,18
DA:89,18
DA:94,18
DA:97,18
DA:98,18
DA:99,18
DA:103,18
DA:104,1
DA:106,17
DA:108,47
DA:109,47
DA:110,47
DA:111,47
DA:112,47
DA:113,47
DA:116,18
DA:119,18
DA:120,18
DA:121,18
DA:124,18
DA:125,17
DA:126,17
DA:127,17
DA:128,17
DA:129,17
DA:130,2
DA:131,2
DA:132,2
DA:133,2
DA:134,2
DA:135,2
DA:138,18
DA:139,18
DA:155,7
DA:156,7
DA:157,7
DA:158,7
DA:159,7
DA:160,7
DA:161,7
DA:163,7
DA:164,7
DA:165,4
DA:166,4
DA:167,4
DA:170,7
DA:171,6
DA:173,1
DA:176,7
DA:178,7
DA:179,7
DA:180,7
DA:181,7
DA:184,7
DA:185,7
DA:188,7
DA:191,7
DA:192,7
DA:193,1
DA:194,6
DA:197,7
DA:198,7
DA:199,7
DA:201,7
DA:204,7
DA:205,2
DA:206,2
DA:207,2
DA:208,2
DA:209,2
DA:210,2
DA:211,2
DA:212,2
DA:213,2
DA:214,2
DA:215,2
DA:216,5
DA:217,7
DA:229,4
DA:230,4
DA:231,4
DA:232,4
DA:233,4
DA:237,4
DA:238,4
DA:239,4
DA:240,4
DA:242,4
DA:243,4
DA:245,4
DA:247,1
DA:248,1
DA:251,2
DA:252,2
DA:253,2
DA:255,1
DA:257,4
DA:267,13
DA:268,13
DA:269,13
DA:270,13
DA:271,13
DA:272,13
DA:273,13
DA:274,13
DA:275,13
DA:276,13
DA:278,7
DA:279,7
DA:280,7
DA:281,7
DA:282,7
DA:283,7
DA:284,7
DA:285,7
DA:286,7
DA:287,7
DA:288,7
DA:289,7
DA:290,7
DA:297,1
DA:298,1
DA:299,1
DA:302,1
DA:303,1
DA:304,1
DA:307,1
DA:308,1
DA:309,1
DA:312,1
DA:313,1
DA:314,1
DA:317,1
DA:318,1
DA:319,1
DA:322,1
DA:323,1
DA:324,1
DA:327,1
DA:328,1
DA:329,1
DA:332,1
DA:333,1
DA:334,1
DA:341,1
DA:342,1
DA:343,1
DA:346,1
DA:347,1
DA:348,1
DA:351,1
DA:352,1
DA:353,1
DA:356,1
DA:357,1
DA:358,1
DA:361,1
DA:362,1
DA:363,1
DA:366,1
DA:367,1
DA:368,1
DA:371,1
DA:372,1
DA:373,1
DA:380,1
DA:381,1
DA:382,1
DA:384,1
DA:385,1
DA:386,15
DA:387,1
DA:389,1
DA:390,1
DA:391,1
DA:394,1
DA:395,1
DA:396,1
DA:398,1
DA:399,1
DA:400,15
DA:401,1
DA:403,1
DA:404,1
DA:405,1
DA:408,1
DA:409,1
DA:410,1
DA:412,1
DA:413,1
DA:414,15
DA:415,1
DA:417,1
DA:418,1
DA:419,1
DA:422,1
DA:423,1
DA:424,1
DA:425,1
DA:427,1
DA:428,1
DA:429,15
DA:430,1
DA:432,1
DA:433,1
DA:434,1
DA:437,1
DA:438,1
DA:439,1
DA:441,1
DA:442,1
DA:443,15
DA:444,1
DA:446,1
DA:447,1
DA:448,1
DA:451,1
DA:452,1
DA:453,1
DA:454,1
DA:456,1
DA:457,1
DA:458,15
DA:459,1
DA:461,1
DA:462,1
DA:465,1
DA:466,1
DA:467,1
DA:468,1
DA:470,1
DA:471,1
DA:472,18
DA:473,1
DA:475,1
DA:476,1
DA:477,1
DA:478,1
DA:481,1
DA:482,1
DA:483,1
DA:485,1
DA:486,1
DA:487,15
DA:488,1
DA:490,1
DA:491,1
DA:492,1
DA:499,1
DA:500,1
DA:501,1
DA:502,1
DA:503,1
DA:505,1
DA:507,1
DA:508,1
DA:509,1
DA:512,1
DA:513,1
DA:514,1
DA:515,1
DA:518,1
DA:519,1
DA:521,1
DA:522,1
DA:523,1
DA:526,1
DA:527,1
DA:528,1
DA:529,1
DA:531,1
DA:532,1
DA:534,1
DA:537,1
DA:538,1
DA:539,1
DA:542,1
DA:543,1
DA:544,1
DA:545,1
DA:548,1
DA:551,1
DA:554,1
DA:558,1
DA:559,1
DA:562,1
DA:563,1
DA:564,1
DA:565,1
DA:567,1
DA:568,1
DA:570,1
DA:573,1
DA:574,1
DA:575,1
DA:576,1
DA:577,1
DA:584,1
DA:585,1
DA:588,1
DA:589,1
DA:590,1
DA:591,1
DA:592,1
DA:593,1
DA:594,1
DA:595,1
DA:596,1
DA:598,1
DA:599,1
DA:600,1
DA:604,1
DA:605,1
DA:606,1
DA:609,1
DA:610,1
DA:613,1
DA:614,1
DA:615,1
DA:616,1
DA:617,1
DA:618,1
DA:619,1
DA:620,1
DA:621,1
DA:622,1
DA:624,1
DA:625,1
DA:626,1
DA:630,1
DA:631,1
DA:632,1
DA:635,1
DA:636,1
DA:638,1
DA:639,1
DA:640,1
DA:644,1
DA:645,1
DA:648,1
DA:649,1
DA:652,1
DA:653,1
DA:654,1
DA:659,1
DA:660,1
DA:661,1
BRF:0
BRH:0
LF:406
LH:406
end_of_record
SF:/Users/dbmrq/Documents/Programação/Misc/paperboat/src/tui/widgets/task_list.rs
FN:31,_RNvNtNtNtCs2XshHk0aCOj_9paperboat3tui7widgets9task_list12status_color
FN:57,_RNvNtNtNtCs2XshHk0aCOj_9paperboat3tui7widgets9task_list16render_task_list
FN:19,_RNvNtNtNtCs2XshHk0aCOj_9paperboat3tui7widgets9task_list16status_indicator
FN:86,_RNCNvNtNtNtCs2XshHk0aCOj_9paperboat3tui7widgets9task_list16render_task_list0B9_
FN:145,_RNvNtNtNtNtCs2XshHk0aCOj_9paperboat3tui7widgets9task_list5testss_40test_status_color_returns_correct_colors
FN:131,_RNvNtNtNtNtCs2XshHk0aCOj_9paperboat3tui7widgets9task_list5testss_46test_status_indicator_displays_correct_symbols
FNDA:7,_RNvNtNtNtCs2XshHk0aCOj_9paperboat3tui7widgets9task_list12status_color
FNDA:2,_RNvNtNtNtCs2XshHk0aCOj_9paperboat3tui7widgets9task_list16render_task_list
FNDA:7,_RNvNtNtNtCs2XshHk0aCOj_9paperboat3tui7widgets9task_list16status_indicator
FNDA:0,_RNCNvNtNtNtCs2XshHk0aCOj_9paperboat3tui7widgets9task_list16render_task_list0B9_
FNDA:1,_RNvNtNtNtNtCs2XshHk0aCOj_9paperboat3tui7widgets9task_list5testss_40test_status_color_returns_correct_colors
FNDA:1,_RNvNtNtNtNtCs2XshHk0aCOj_9paperboat3tui7widgets9task_list5testss_46test_status_indicator_displays_correct_symbols
FNF:6
FNH:5
DA:19,7
DA:20,7
DA:21,7
DA:22,6
DA:23,5
DA:24,4
DA:25,3
DA:26,2
DA:28,7
DA:31,7
DA:32,7
DA:33,7
DA:34,6
DA:35,5
DA:36,4
DA:37,3
DA:38,2
DA:40,7
DA:57,2
DA:59,2
DA:60,0
DA:62,2
DA:65,2
DA:66,2
DA:67,2
DA:68,2
DA:69,2
DA:72,2
DA:73,2
DA:74,2
DA:75,2
DA:76,2
DA:78,2
DA:79,2
DA:80,0
DA:83,0
DA:84,0
DA:85,0
DA:86,0
DA:87,0
DA:88,0
DA:91,0
DA:94,0
DA:96,0
DA:97,0
DA:98,0
DA:101,0
DA:102,0
DA:103,0
DA:104,0
DA:107,0
DA:108,0
DA:113,0
DA:116,0
DA:117,0
DA:118,0
DA:119,0
DA:120,0
DA:123,0
DA:124,2
DA:131,1
DA:133,1
DA:134,1
DA:135,1
DA:136,1
DA:137,1
DA:140,1
DA:141,1
DA:142,1
DA:145,1
DA:147,1
DA:148,1
DA:149,1
DA:150,1
DA:151,1
DA:154,1
DA:155,1
DA:156,1
BRF:0
BRH:0
LF:79
LH:52
end_of_record
SF:/Users/dbmrq/Documents/Programação/Misc/paperboat/src/types.rs
FN:21,_RNvMNtCs2XshHk0aCOj_9paperboat5typesNtB2_13SessionOutput3new
FN:26,_RNvMNtCs2XshHk0aCOj_9paperboat5typesNtB2_13SessionOutput6append
FN:31,_RNvMNtCs2XshHk0aCOj_9paperboat5typesNtB2_13SessionOutput8is_empty
FN:122,_RNvNtNtCs2XshHk0aCOj_9paperboat5types5testss_23test_session_output_new
FN:129,_RNvNtNtCs2XshHk0aCOj_9paperboat5types5testss_26test_session_output_append
FN:82,_RNvNtNtCs2XshHk0aCOj_9paperboat5types5testss_27test_task_result_round_trip
FN:70,_RNvNtNtCs2XshHk0aCOj_9paperboat5types5testss_37test_task_result_failure_with_message
FN:46,_RNvNtNtCs2XshHk0aCOj_9paperboat5types5testss_37test_task_result_success_with_message
FN:94,_RNvNtNtCs2XshHk0aCOj_9paperboat5types5testss_38test_task_result_deserialize_from_json
FN:58,_RNvNtNtCs2XshHk0aCOj_9paperboat5types5testss_40test_task_result_success_without_message
FN:106,_RNvNtNtCs2XshHk0aCOj_9paperboat5types5testss_41test_task_result_deserialize_null_message
FN:138,_RNvNtNtCs2XshHk0aCOj_9paperboat5types5testss_44test_session_output_is_empty_with_whitespace
FNDA:117,_RNvMNtCs2XshHk0aCOj_9paperboat5typesNtB2_13SessionOutput3new
FNDA:297,_RNvMNtCs2XshHk0aCOj_9paperboat5typesNtB2_13SessionOutput6append
FNDA:7,_RNvMNtCs2XshHk0aCOj_9paperboat5typesNtB2_13SessionOutput8is_empty
FNDA:1,_RNvNtNtCs2XshHk0aCOj_9paperboat5types5testss_23test_session_output_new
FNDA:1,_RNvNtNtCs2XshHk0aCOj_9paperboat5types5testss_26test_session_output_append
FNDA:1,_RNvNtNtCs2XshHk0aCOj_9paperboat5types5testss_27test_task_result_round_trip
FNDA:1,_RNvNtNtCs2XshHk0aCOj_9paperboat5types5testss_37test_task_result_failure_with_message
FNDA:1,_RNvNtNtCs2XshHk0aCOj_9paperboat5types5testss_37test_task_result_success_with_message
FNDA:1,_RNvNtNtCs2XshHk0aCOj_9paperboat5types5testss_38test_task_result_deserialize_from_json
FNDA:1,_RNvNtNtCs2XshHk0aCOj_9paperboat5types5testss_40test_task_result_success_without_message
FNDA:1,_RNvNtNtCs2XshHk0aCOj_9paperboat5types5testss_41test_task_result_deserialize_null_message
FNDA:1,_RNvNtNtCs2XshHk0aCOj_9paperboat5types5testss_44test_session_output_is_empty_with_whitespace
FNF:12
FNH:12
DA:21,117
DA:22,117
DA:23,117
DA:26,297
DA:27,297
DA:28,297
DA:31,7
DA:32,7
DA:33,7
DA:46,1
DA:47,1
DA:48,1
DA:49,1
DA:50,1
DA:51,1
DA:53,1
DA:54,1
DA:55,1
DA:58,1
DA:59,1
DA:60,1
DA:61,1
DA:62,1
DA:63,1
DA:65,1
DA:66,1
DA:67,1
DA:70,1
DA:71,1
DA:72,1
DA:73,1
DA:74,1
DA:75,1
DA:77,1
DA:78,1
DA:79,1
DA:82,1
DA:83,1
DA:84,1
DA:85,1
DA:86,1
DA:87,1
DA:88,1
DA:90,1
DA:91,1
DA:94,1
DA:95,1
DA:96,1
DA:97,1
DA:99,1
DA:101,1
DA:102,1
DA:103,1
DA:106,1
DA:107,1
DA:108,1
DA:109,1
DA:111,1
DA:113,1
DA:114,1
DA:115,1
DA:122,1
DA:123,1
DA:124,1
DA:125,1
DA:126,1
DA:129,1
DA:130,1
DA:131,1
DA:132,1
DA:133,1
DA:134,1
DA:135,1
DA:138,1
DA:139,1
DA:140,1
DA:141,1
DA:142,1
BRF:0
BRH:0
LF:78
LH:78
end_of_record